Agent pid 71706
Agent pid 71901
Duration  = 0.090117
Latency   = 0.000045
Bandwidth = 266321159.349271
Duration  = 0.126572
Latency   = 0.000063
Bandwidth = 758464037.953035
Duration  = 0.266430
Latency   = 0.000133
Bandwidth = 1441279102.774933
Duration  = 0.913592
Latency   = 0.000457
Bandwidth = 1681275706.559153
Duration  = 3.124882
Latency   = 0.001562
Bandwidth = 1966154188.502764
Duration  = 12.366593
Latency   = 0.006183
Bandwidth = 1987289433.763594
Duration  = 48.917201
Latency   = 0.024459
Bandwidth = 2009599851.252716
logout

------------------------------------------------------------
Sender: LSF System <lsfadmin@lassen710>
Subject: Job 2889342: <mvapich-gpu-bench> in cluster <lassen> Exited

Job <mvapich-gpu-bench> was submitted from host <lassen709> by user <haskins8> in cluster <lassen> at Thu Nov 11 12:53:00 2021
Job was executed on host(s) <1*lassen710>, in queue <pbatch>, as user <haskins8> in cluster <lassen> at Thu Nov 11 12:53:02 2021
                            <40*lassen433>
                            <40*lassen434>
</g/g15/haskins8> was used as the home directory.
</g/g15/haskins8/CUP-ECS/ping-pong-gpu/build-mvapich> was used as the working directory.
Started at Thu Nov 11 12:53:02 2021
Terminated at Thu Nov 11 12:54:56 2021
Results reported at Thu Nov 11 12:54:56 2021

Your job looked like:

------------------------------------------------------------
# LSBATCH: User input
#!/bin/bash

### LSF Syntax
#BSUB -nnodes 2
##BSUB -W 12:00
#BSUB -W 00:10
#BSUB -e log.%J.err
#BSUB -o log.%J.out
#BSUB -J mvapich-gpu-bench
#BSUB q pbatch

export MVAPICHBIN=$(realpath /g/g15/haskins8/CUP-ECS/ping-pong-gpu/build-mvapich/ping_pong)
export OUTDIR=~/CUP_ECS/ping-pong-gpu/mvapich-out/
export TESTDIRCOPY=/p/gpfs1/haskins8
cp ${MVAPICHBIN} ${TESTDIRCOPY}

export MVAPICHBIN=${TESTDIRCOPY}/ping_pong

cd ${TESTDIRCOPY}

  for i in 10 20 40 80 160 320 640; do
    lrun -M "-gpu" -N 2 -T 1 -g 1 --gpubind=off nvprof -o %q{OMPI_COMM_WORLD_RANK}_${i}_x_direct.prof ${MVAPICHBIN} $i 1000 4 0 0
#    lrun -M "-gpu" -N 2 -T 1 -g 1 --gpubind=off nvprof -o %q{OMPI_COMM_WORLD_RANK}_${i}_y_direct.prof ${MVAPICHBIN} $i 1000 4 1 0
#    lrun -M "-gpu" -N 2 -T 1 -g 1 --gpubind=off nvprof -o %q{OMPI_COMM_WORLD_RANK}_${i}_z_direct.prof ${MVAPICHBIN} $i 1000 4 2 0
#    lrun -M "-gpu" -N 2 -T 1 -g 1 --gpubind=off nvprof -o %q{OMPI_COMM_WORLD_RANK}_${i}_x_cuda.prof ${MVAPICHBIN} $i 1000 4 0 1
#    lrun -M "-gpu" -N 2 -T 1 -g 1 --gpubind=off nvprof -o %q{OMPI_COMM_WORLD_RANK}_${i}_y_cuda.prof ${MVAPICHBIN} $i 1000 4 1 1
#    lrun -M "-gpu" -N 2 -T 1 -g 1 --gpubind=off nvprof -o %q{OMPI_COMM_WORLD_RANK}_${i}_z_cuda.prof ${MVAPICHBIN} $i 1000 4 2 1
#    lrun -M "-gpu" -N 2 -T 1 -g 1 --gpubind=off nvprof -o %q{OMPI_COMM_WORLD_RANK}_${i}_x_copy.prof ${MVAPICHBIN} $i 1000 4 0 2
#    lrun -M "-gpu" -N 2 -T 1 -g 1 --gpubind=off nvprof -o %q{OMPI_COMM_WORLD_RANK}_${i}_y_copy.prof ${MVAPICHBIN} $i 1000 4 1 2
#    lrun -M "-gpu" -N 2 -T 1 -g 1 --gpubind=off nvprof -o %q{OMPI_COMM_WORLD_RANK}_${i}_z_copy.prof ${MVAPICHBIN} $i 1000 4 2 2
  done

mv ./* ${OUTDIR}

------------------------------------------------------------

Exited with exit code 1.

Resource usage summary:

    CPU time :                                   0.26 sec.
    Max Memory :                                 60 MB
    Average Memory :                             56.50 MB
    Total Requested Memory :                     -
    Delta Memory :                               -
    Max Swap :                                   1425 MB
    Max Processes :                              4
    Max Threads :                                27
    Run time :                                   114 sec.
    Turnaround time :                            116 sec.

The output (if any) is above this job summary.



PS:

Read file <log.2889342.err> for stderr output of this job.

