Agent pid 77308
Agent pid 77510
Duration  = 0.091069
Latency   = 0.000046
Bandwidth = 263536398.889748
Duration  = 0.124854
Latency   = 0.000062
Bandwidth = 768900659.476484
Duration  = 0.266860
Latency   = 0.000133
Bandwidth = 1438957430.374274
Duration  = 0.907562
Latency   = 0.000454
Bandwidth = 1692445483.543288
Duration  = 3.143105
Latency   = 0.001572
Bandwidth = 1954755167.534081
Duration  = 12.389885
Latency   = 0.006195
Bandwidth = 1983553453.066091
Duration  = 48.900313
Latency   = 0.024450
Bandwidth = 2010293881.352108
logout

------------------------------------------------------------
Sender: LSF System <lsfadmin@lassen710>
Subject: Job 2889348: <mvapich-gpu-bench> in cluster <lassen> Done

Job <mvapich-gpu-bench> was submitted from host <lassen709> by user <haskins8> in cluster <lassen> at Thu Nov 11 13:00:36 2021
Job was executed on host(s) <1*lassen710>, in queue <pbatch>, as user <haskins8> in cluster <lassen> at Thu Nov 11 13:00:38 2021
                            <40*lassen433>
                            <40*lassen434>
</g/g15/haskins8> was used as the home directory.
</g/g15/haskins8/CUP-ECS/ping-pong-gpu/build-mvapich> was used as the working directory.
Started at Thu Nov 11 13:00:38 2021
Terminated at Thu Nov 11 13:05:31 2021
Results reported at Thu Nov 11 13:05:31 2021

Your job looked like:

------------------------------------------------------------
# LSBATCH: User input
#!/bin/bash

### LSF Syntax
#BSUB -nnodes 2
##BSUB -W 12:00
#BSUB -W 00:10
#BSUB -e log.%J.err
#BSUB -o log.%J.out
#BSUB -J mvapich-gpu-bench
#BSUB q pbatch

export MVAPICHBIN=$(realpath /g/g15/haskins8/CUP-ECS/ping-pong-gpu/build-mvapich/ping_pong)
export OUTDIR=~/CUP_ECS/ping-pong-gpu/mvapich-out/
export TESTDIRCOPY=/p/gpfs1/haskins8
cp ${MVAPICHBIN} ${TESTDIRCOPY}

export MVAPICHBIN=${TESTDIRCOPY}/ping_pong

cd ${TESTDIRCOPY}

  for i in 10 20 40 80 160 320 640; do
    lrun -M "-gpu" -N 2 -T 1 -g 1 --gpubind=off nvprof -o %q{OMPI_COMM_WORLD_RANK}_${i}_x_direct.prof ${MVAPICHBIN} $i 1000 4 0 0
#    lrun -M "-gpu" -N 2 -T 1 -g 1 --gpubind=off nvprof -o %q{OMPI_COMM_WORLD_RANK}_${i}_y_direct.prof ${MVAPICHBIN} $i 1000 4 1 0
#    lrun -M "-gpu" -N 2 -T 1 -g 1 --gpubind=off nvprof -o %q{OMPI_COMM_WORLD_RANK}_${i}_z_direct.prof ${MVAPICHBIN} $i 1000 4 2 0
#    lrun -M "-gpu" -N 2 -T 1 -g 1 --gpubind=off nvprof -o %q{OMPI_COMM_WORLD_RANK}_${i}_x_cuda.prof ${MVAPICHBIN} $i 1000 4 0 1
#    lrun -M "-gpu" -N 2 -T 1 -g 1 --gpubind=off nvprof -o %q{OMPI_COMM_WORLD_RANK}_${i}_y_cuda.prof ${MVAPICHBIN} $i 1000 4 1 1
#    lrun -M "-gpu" -N 2 -T 1 -g 1 --gpubind=off nvprof -o %q{OMPI_COMM_WORLD_RANK}_${i}_z_cuda.prof ${MVAPICHBIN} $i 1000 4 2 1
#    lrun -M "-gpu" -N 2 -T 1 -g 1 --gpubind=off nvprof -o %q{OMPI_COMM_WORLD_RANK}_${i}_x_copy.prof ${MVAPICHBIN} $i 1000 4 0 2
#    lrun -M "-gpu" -N 2 -T 1 -g 1 --gpubind=off nvprof -o %q{OMPI_COMM_WORLD_RANK}_${i}_y_copy.prof ${MVAPICHBIN} $i 1000 4 1 2
#    lrun -M "-gpu" -N 2 -T 1 -g 1 --gpubind=off nvprof -o %q{OMPI_COMM_WORLD_RANK}_${i}_z_copy.prof ${MVAPICHBIN} $i 1000 4 2 2
  done

mkdir -p ${OUTDIR}
mv ./* ${OUTDIR}

------------------------------------------------------------

Successfully completed.

Resource usage summary:

    CPU time :                                   0.40 sec.
    Max Memory :                                 60 MB
    Average Memory :                             58.32 MB
    Total Requested Memory :                     -
    Delta Memory :                               -
    Max Swap :                                   1425 MB
    Max Processes :                              4
    Max Threads :                                27
    Run time :                                   293 sec.
    Turnaround time :                            295 sec.

The output (if any) is above this job summary.



PS:

Read file <log.2889348.err> for stderr output of this job.

