Agent pid 104130
Agent pid 104337
Duration  = 0.073065
Latency   = 0.000037
Bandwidth = 328473706.275171
Duration  = 0.120578
Latency   = 0.000060
Bandwidth = 199041200.292746
Duration  = 0.187149
Latency   = 0.000094
Bandwidth = 128239944.802108
Duration  = 0.879763
Latency   = 0.000440
Bandwidth = 27280070.137606
Duration  = 0.119628
Latency   = 0.000060
Bandwidth = 200622462.956546
Duration  = 0.189110
Latency   = 0.000095
Bandwidth = 126910218.904422
Duration  = 8.408675
Latency   = 0.004204
Bandwidth = 2854195.357120
Duration  = 0.119623
Latency   = 0.000060
Bandwidth = 200629892.595044
Duration  = 0.180294
Latency   = 0.000090
Bandwidth = 133115607.227558
Duration  = 0.077678
Latency   = 0.000039
Bandwidth = 1235873117.387078
Duration  = 0.124630
Latency   = 0.000062
Bandwidth = 770280869.439126
Duration  = 0.216843
Latency   = 0.000108
Bandwidth = 442716711.732692
Duration  = 1.752912
Latency   = 0.000876
Bandwidth = 54766021.741900
Duration  = 0.123744
Latency   = 0.000062
Bandwidth = 775793704.235293
Duration  = 0.214309
Latency   = 0.000107
Bandwidth = 447951111.511592
Duration  = 33.355662
Latency   = 0.016678
Bandwidth = 2878072.137510
Duration  = 0.124141
Latency   = 0.000062
Bandwidth = 773315361.484332
Duration  = 0.225733
Latency   = 0.000113
Bandwidth = 425280918.092193
msg: STRUCTURE: /p/gpfs1/haskins8/hpctoolkit-gcc8/ping_pong
msg: Line map : /collab/usr/global/tools/hpctoolkit/blueos_3_ppc64le_ib/.install/2020-08/packages/linux-rhel7-ppc64le/gcc-7.3.1/hpctoolkit-2020.08.03-owvnf3dby5c6r7lavcmajluzbinwzax2/lib/hpctoolkit/libhpcrun.so.0.0.0
msg: Line map : /collab/usr/global/tools/hpctoolkit/blueos_3_ppc64le_ib/.install/2020-08/packages/linux-rhel7-ppc64le/gcc-7.3.1/hpctoolkit-2020.08.03-owvnf3dby5c6r7lavcmajluzbinwzax2/lib/hpctoolkit/ext-libs/libmonitor.so.0.0.0
msg: Line map : /usr/tce/packages/spectrum-mpi/ibm/spectrum-mpi-2020.08.19/lib/libpami_cudahook.so.1.0
msg: Line map : /usr/tce/packages/cuda/cuda-11.1.1/nvidia/compat/libcuda.so.455.32.00
msg: Line map : /usr/tce/packages/cuda/cuda-11.1.1/nvidia/targets/ppc64le-linux/lib/libcudart.so.11.1.74
msg: Line map : /g/g15/haskins8/spack/opt/spack/linux-rhel7-power9le/gcc-8.3.1/kokkos-3.2.00-szs4cjrmi42cgjlz3quck3rir763ozuo/lib64/libkokkoscore.so.3.2.0
msg: Line map : /usr/lib64/libpthread-2.17.so
msg: Line map : /usr/tce/packages/spectrum-mpi/ibm/spectrum-mpi-2020.08.19/lib/libmpi_ibm.so.3.1.0
msg: Line map : /usr/lib64/libc-2.17.so
msg: Line map : /usr/tce/packages/spectrum-mpi/ibm/spectrum-mpi-2020.08.19/lib/libopen-rte.so.3.1.0
msg: Line map : /usr/tce/packages/spectrum-mpi/ibm/spectrum-mpi-2020.08.19/lib/libopen-pal.so.3.1.0
msg: Line map : [vdso]
msg: Line map : /usr/tce/packages/spectrum-mpi/ibm/spectrum-mpi-2020.08.19/lib/spectrum_mpi/mca_ess_pmi.so
msg: Line map : /usr/tce/packages/spectrum-mpi/ibm/spectrum-mpi-2020.08.19/lib/spectrum_mpi/mca_pmix_ext3x.so
msg: Line map : /usr/tce/packages/spectrum-mpi/ibm/spectrum-mpi-2020.08.19/lib/libpmix.so.2.2.24
msg: Line map : /usr/tce/packages/spectrum-mpi/ibm/spectrum-mpi-2020.08.19/lib/spectrum_mpi/mca_pml_pami.so
msg: Line map : /usr/tce/packages/spectrum-mpi/ibm/spectrum-mpi-2020.08.19/lib/pami_port/libpami.so.3.1.0
msg: Line map : /usr/tce/packages/spectrum-mpi/ibm/spectrum-mpi-2020.08.19/lib/libmca_common_pami.so.3.1.0
msg: Line map : /usr/lib64/libibverbs.so.1.0.0
msg: Line map : /usr/tce/packages/spectrum-mpi/ibm/spectrum-mpi-2020.08.19/lib/spectrum_mpi/mca_coll_ibm.so
msg: Line map : /usr/tce/packages/spectrum-mpi/ibm/spectrum-mpi-2020.08.19/lib/pami_port/libcollectives.so.3.1.0
msg: Line map : /usr/lib64/libmlx5.so.1.0.0
msg: Populating Experiment database: /p/gpfs1/haskins8/hpctoolkit-gcc8/hpctoolkit-database0
msg: STRUCTURE: /p/gpfs1/haskins8/hpctoolkit-gcc8/ping_pong
msg: Line map : /collab/usr/global/tools/hpctoolkit/blueos_3_ppc64le_ib/.install/2020-08/packages/linux-rhel7-ppc64le/gcc-7.3.1/hpctoolkit-2020.08.03-owvnf3dby5c6r7lavcmajluzbinwzax2/lib/hpctoolkit/libhpcrun.so.0.0.0
msg: Line map : /collab/usr/global/tools/hpctoolkit/blueos_3_ppc64le_ib/.install/2020-08/packages/linux-rhel7-ppc64le/gcc-7.3.1/hpctoolkit-2020.08.03-owvnf3dby5c6r7lavcmajluzbinwzax2/lib/hpctoolkit/ext-libs/libmonitor.so.0.0.0
msg: Line map : /usr/tce/packages/spectrum-mpi/ibm/spectrum-mpi-2020.08.19/lib/libpami_cudahook.so.1.0
msg: Line map : /usr/tce/packages/cuda/cuda-11.1.1/nvidia/compat/libcuda.so.455.32.00
msg: Line map : /usr/tce/packages/cuda/cuda-11.1.1/nvidia/targets/ppc64le-linux/lib/libcudart.so.11.1.74
msg: Line map : /g/g15/haskins8/spack/opt/spack/linux-rhel7-power9le/gcc-8.3.1/kokkos-3.2.00-szs4cjrmi42cgjlz3quck3rir763ozuo/lib64/libkokkoscore.so.3.2.0
msg: Line map : /usr/lib64/libpthread-2.17.so
msg: Line map : /usr/tce/packages/spectrum-mpi/ibm/spectrum-mpi-2020.08.19/lib/libmpi_ibm.so.3.1.0
msg: Line map : /usr/lib64/libc-2.17.so
msg: Line map : /usr/tce/packages/spectrum-mpi/ibm/spectrum-mpi-2020.08.19/lib/libopen-rte.so.3.1.0
msg: Line map : /usr/tce/packages/spectrum-mpi/ibm/spectrum-mpi-2020.08.19/lib/libopen-pal.so.3.1.0
msg: Line map : [vdso]
msg: Line map : /usr/tce/packages/spectrum-mpi/ibm/spectrum-mpi-2020.08.19/lib/spectrum_mpi/mca_ess_pmi.so
msg: Line map : /usr/tce/packages/spectrum-mpi/ibm/spectrum-mpi-2020.08.19/lib/spectrum_mpi/mca_pmix_ext3x.so
msg: Line map : /usr/tce/packages/spectrum-mpi/ibm/spectrum-mpi-2020.08.19/lib/libpmix.so.2.2.24
msg: Line map : /usr/tce/packages/spectrum-mpi/ibm/spectrum-mpi-2020.08.19/lib/spectrum_mpi/mca_pml_pami.so
msg: Line map : /usr/tce/packages/spectrum-mpi/ibm/spectrum-mpi-2020.08.19/lib/pami_port/libpami.so.3.1.0
msg: Line map : /usr/tce/packages/spectrum-mpi/ibm/spectrum-mpi-2020.08.19/lib/libmca_common_pami.so.3.1.0
msg: Line map : /usr/lib64/libibverbs.so.1.0.0
msg: Line map : /usr/tce/packages/spectrum-mpi/ibm/spectrum-mpi-2020.08.19/lib/spectrum_mpi/mca_coll_ibm.so
msg: Line map : /usr/tce/packages/spectrum-mpi/ibm/spectrum-mpi-2020.08.19/lib/pami_port/libcollectives.so.3.1.0
msg: Line map : /usr/lib64/libmlx5.so.1.0.0
msg: Populating Experiment database: /p/gpfs1/haskins8/hpctoolkit-gcc8/hpctoolkit-database1
msg: STRUCTURE: /p/gpfs1/haskins8/hpctoolkit-gcc8/ping_pong
msg: Line map : /collab/usr/global/tools/hpctoolkit/blueos_3_ppc64le_ib/.install/2020-08/packages/linux-rhel7-ppc64le/gcc-7.3.1/hpctoolkit-2020.08.03-owvnf3dby5c6r7lavcmajluzbinwzax2/lib/hpctoolkit/libhpcrun.so.0.0.0
msg: Line map : /collab/usr/global/tools/hpctoolkit/blueos_3_ppc64le_ib/.install/2020-08/packages/linux-rhel7-ppc64le/gcc-7.3.1/hpctoolkit-2020.08.03-owvnf3dby5c6r7lavcmajluzbinwzax2/lib/hpctoolkit/ext-libs/libmonitor.so.0.0.0
msg: Line map : /usr/tce/packages/spectrum-mpi/ibm/spectrum-mpi-2020.08.19/lib/libpami_cudahook.so.1.0
msg: Line map : /usr/tce/packages/cuda/cuda-11.1.1/nvidia/compat/libcuda.so.455.32.00
msg: Line map : /usr/tce/packages/cuda/cuda-11.1.1/nvidia/targets/ppc64le-linux/lib/libcudart.so.11.1.74
msg: Line map : /g/g15/haskins8/spack/opt/spack/linux-rhel7-power9le/gcc-8.3.1/kokkos-3.2.00-szs4cjrmi42cgjlz3quck3rir763ozuo/lib64/libkokkoscore.so.3.2.0
msg: Line map : /usr/lib64/libpthread-2.17.so
msg: Line map : /usr/tce/packages/spectrum-mpi/ibm/spectrum-mpi-2020.08.19/lib/libmpi_ibm.so.3.1.0
msg: Line map : /usr/lib64/libc-2.17.so
msg: Line map : /usr/lib64/ld-2.17.so
msg: Line map : /usr/tce/packages/spectrum-mpi/ibm/spectrum-mpi-2020.08.19/lib/libopen-rte.so.3.1.0
msg: Line map : /usr/tce/packages/spectrum-mpi/ibm/spectrum-mpi-2020.08.19/lib/libopen-pal.so.3.1.0
msg: Line map : [vdso]
msg: Line map : /usr/tce/packages/spectrum-mpi/ibm/spectrum-mpi-2020.08.19/lib/spectrum_mpi/mca_ess_pmi.so
msg: Line map : /usr/tce/packages/spectrum-mpi/ibm/spectrum-mpi-2020.08.19/lib/spectrum_mpi/mca_pmix_ext3x.so
msg: Line map : /usr/tce/packages/spectrum-mpi/ibm/spectrum-mpi-2020.08.19/lib/libpmix.so.2.2.24
msg: Line map : /usr/tce/packages/spectrum-mpi/ibm/spectrum-mpi-2020.08.19/lib/spectrum_mpi/mca_pml_pami.so
msg: Line map : /usr/tce/packages/spectrum-mpi/ibm/spectrum-mpi-2020.08.19/lib/pami_port/libpami.so.3.1.0
msg: Line map : /usr/tce/packages/spectrum-mpi/ibm/spectrum-mpi-2020.08.19/lib/libmca_common_pami.so.3.1.0
msg: Line map : /usr/lib64/libibverbs.so.1.0.0
msg: Line map : /usr/tce/packages/spectrum-mpi/ibm/spectrum-mpi-2020.08.19/lib/spectrum_mpi/mca_coll_ibm.so
msg: Line map : /usr/tce/packages/spectrum-mpi/ibm/spectrum-mpi-2020.08.19/lib/pami_port/libcollectives.so.3.1.0
msg: Line map : /usr/lib64/libmlx5.so.1.0.0
msg: Populating Experiment database: /p/gpfs1/haskins8/hpctoolkit-gcc8/hpctoolkit-database2
msg: STRUCTURE: /p/gpfs1/haskins8/hpctoolkit-gcc8/ping_pong
msg: Line map : /collab/usr/global/tools/hpctoolkit/blueos_3_ppc64le_ib/.install/2020-08/packages/linux-rhel7-ppc64le/gcc-7.3.1/hpctoolkit-2020.08.03-owvnf3dby5c6r7lavcmajluzbinwzax2/lib/hpctoolkit/libhpcrun.so.0.0.0
msg: Line map : /collab/usr/global/tools/hpctoolkit/blueos_3_ppc64le_ib/.install/2020-08/packages/linux-rhel7-ppc64le/gcc-7.3.1/hpctoolkit-2020.08.03-owvnf3dby5c6r7lavcmajluzbinwzax2/lib/hpctoolkit/ext-libs/libmonitor.so.0.0.0
msg: Line map : /usr/tce/packages/spectrum-mpi/ibm/spectrum-mpi-2020.08.19/lib/libpami_cudahook.so.1.0
msg: Line map : /usr/tce/packages/cuda/cuda-11.1.1/nvidia/compat/libcuda.so.455.32.00
msg: Line map : /usr/tce/packages/cuda/cuda-11.1.1/nvidia/targets/ppc64le-linux/lib/libcudart.so.11.1.74
msg: Line map : /g/g15/haskins8/spack/opt/spack/linux-rhel7-power9le/gcc-8.3.1/kokkos-3.2.00-szs4cjrmi42cgjlz3quck3rir763ozuo/lib64/libkokkoscore.so.3.2.0
msg: Line map : /usr/lib64/libpthread-2.17.so
msg: Line map : /usr/tce/packages/spectrum-mpi/ibm/spectrum-mpi-2020.08.19/lib/libmpi_ibm.so.3.1.0
msg: Line map : /usr/lib64/libc-2.17.so
msg: Line map : /usr/tce/packages/spectrum-mpi/ibm/spectrum-mpi-2020.08.19/lib/libopen-rte.so.3.1.0
msg: Line map : /usr/tce/packages/spectrum-mpi/ibm/spectrum-mpi-2020.08.19/lib/libopen-pal.so.3.1.0
msg: Line map : [vdso]
msg: Line map : /usr/tce/packages/spectrum-mpi/ibm/spectrum-mpi-2020.08.19/lib/spectrum_mpi/mca_ess_pmi.so
msg: Line map : /usr/tce/packages/spectrum-mpi/ibm/spectrum-mpi-2020.08.19/lib/spectrum_mpi/mca_pmix_ext3x.so
msg: Line map : /usr/tce/packages/spectrum-mpi/ibm/spectrum-mpi-2020.08.19/lib/libpmix.so.2.2.24
msg: Line map : /usr/tce/packages/spectrum-mpi/ibm/spectrum-mpi-2020.08.19/lib/spectrum_mpi/mca_pml_pami.so
msg: Line map : /usr/tce/packages/spectrum-mpi/ibm/spectrum-mpi-2020.08.19/lib/pami_port/libpami.so.3.1.0
msg: Line map : /usr/tce/packages/spectrum-mpi/ibm/spectrum-mpi-2020.08.19/lib/libmca_common_pami.so.3.1.0
msg: Line map : /usr/tce/packages/spectrum-mpi/ibm/spectrum-mpi-2020.08.19/lib/libmca_common_pamiopal.so.3.1.0
msg: Line map : /usr/lib64/libibverbs.so.1.0.0
msg: Line map : /usr/tce/packages/spectrum-mpi/ibm/spectrum-mpi-2020.08.19/lib/spectrum_mpi/mca_coll_ibm.so
msg: Line map : /usr/tce/packages/spectrum-mpi/ibm/spectrum-mpi-2020.08.19/lib/pami_port/libcollectives.so.3.1.0
msg: Line map : /usr/lib64/libmlx5.so.1.0.0
msg: Populating Experiment database: /p/gpfs1/haskins8/hpctoolkit-gcc8/hpctoolkit-database3
msg: STRUCTURE: /p/gpfs1/haskins8/hpctoolkit-gcc8/ping_pong
msg: Line map : /collab/usr/global/tools/hpctoolkit/blueos_3_ppc64le_ib/.install/2020-08/packages/linux-rhel7-ppc64le/gcc-7.3.1/hpctoolkit-2020.08.03-owvnf3dby5c6r7lavcmajluzbinwzax2/lib/hpctoolkit/libhpcrun.so.0.0.0
msg: Line map : /collab/usr/global/tools/hpctoolkit/blueos_3_ppc64le_ib/.install/2020-08/packages/linux-rhel7-ppc64le/gcc-7.3.1/hpctoolkit-2020.08.03-owvnf3dby5c6r7lavcmajluzbinwzax2/lib/hpctoolkit/ext-libs/libmonitor.so.0.0.0
msg: Line map : /usr/tce/packages/spectrum-mpi/ibm/spectrum-mpi-2020.08.19/lib/libpami_cudahook.so.1.0
msg: Line map : /usr/tce/packages/cuda/cuda-11.1.1/nvidia/compat/libcuda.so.455.32.00
msg: Line map : /usr/tce/packages/cuda/cuda-11.1.1/nvidia/targets/ppc64le-linux/lib/libcudart.so.11.1.74
msg: Line map : /g/g15/haskins8/spack/opt/spack/linux-rhel7-power9le/gcc-8.3.1/kokkos-3.2.00-szs4cjrmi42cgjlz3quck3rir763ozuo/lib64/libkokkoscore.so.3.2.0
msg: Line map : /usr/lib64/libpthread-2.17.so
msg: Line map : /usr/tce/packages/spectrum-mpi/ibm/spectrum-mpi-2020.08.19/lib/libmpi_ibm.so.3.1.0
msg: Line map : /usr/lib64/libc-2.17.so
msg: Line map : /usr/lib64/ld-2.17.so
msg: Line map : /usr/tce/packages/spectrum-mpi/ibm/spectrum-mpi-2020.08.19/lib/libopen-rte.so.3.1.0
msg: Line map : /usr/tce/packages/spectrum-mpi/ibm/spectrum-mpi-2020.08.19/lib/libopen-pal.so.3.1.0
msg: Line map : [vdso]
msg: Line map : /usr/tce/packages/spectrum-mpi/ibm/spectrum-mpi-2020.08.19/lib/spectrum_mpi/mca_ess_pmi.so
msg: Line map : /usr/tce/packages/spectrum-mpi/ibm/spectrum-mpi-2020.08.19/lib/spectrum_mpi/mca_pmix_ext3x.so
msg: Line map : /usr/tce/packages/spectrum-mpi/ibm/spectrum-mpi-2020.08.19/lib/libpmix.so.2.2.24
msg: Line map : /usr/tce/packages/spectrum-mpi/ibm/spectrum-mpi-2020.08.19/lib/spectrum_mpi/mca_pml_pami.so
msg: Line map : /usr/tce/packages/spectrum-mpi/ibm/spectrum-mpi-2020.08.19/lib/pami_port/libpami.so.3.1.0
msg: Line map : /usr/tce/packages/spectrum-mpi/ibm/spectrum-mpi-2020.08.19/lib/libmca_common_pami.so.3.1.0
msg: Line map : /usr/lib64/libibverbs.so.1.0.0
msg: Line map : /usr/tce/packages/spectrum-mpi/ibm/spectrum-mpi-2020.08.19/lib/spectrum_mpi/mca_coll_ibm.so
msg: Line map : /usr/lib64/libmlx5.so.1.0.0
msg: Populating Experiment database: /p/gpfs1/haskins8/hpctoolkit-gcc8/hpctoolkit-database4
msg: STRUCTURE: /p/gpfs1/haskins8/hpctoolkit-gcc8/ping_pong
msg: Line map : /collab/usr/global/tools/hpctoolkit/blueos_3_ppc64le_ib/.install/2020-08/packages/linux-rhel7-ppc64le/gcc-7.3.1/hpctoolkit-2020.08.03-owvnf3dby5c6r7lavcmajluzbinwzax2/lib/hpctoolkit/libhpcrun.so.0.0.0
msg: Line map : /collab/usr/global/tools/hpctoolkit/blueos_3_ppc64le_ib/.install/2020-08/packages/linux-rhel7-ppc64le/gcc-7.3.1/hpctoolkit-2020.08.03-owvnf3dby5c6r7lavcmajluzbinwzax2/lib/hpctoolkit/ext-libs/libmonitor.so.0.0.0
msg: Line map : /usr/tce/packages/spectrum-mpi/ibm/spectrum-mpi-2020.08.19/lib/libpami_cudahook.so.1.0
msg: Line map : /usr/tce/packages/cuda/cuda-11.1.1/nvidia/compat/libcuda.so.455.32.00
msg: Line map : /usr/tce/packages/cuda/cuda-11.1.1/nvidia/targets/ppc64le-linux/lib/libcudart.so.11.1.74
msg: Line map : /g/g15/haskins8/spack/opt/spack/linux-rhel7-power9le/gcc-8.3.1/kokkos-3.2.00-szs4cjrmi42cgjlz3quck3rir763ozuo/lib64/libkokkoscore.so.3.2.0
msg: Line map : /usr/lib64/libpthread-2.17.so
msg: Line map : /usr/tce/packages/spectrum-mpi/ibm/spectrum-mpi-2020.08.19/lib/libmpi_ibm.so.3.1.0
msg: Line map : /usr/lib64/libc-2.17.so
msg: Line map : /usr/tce/packages/spectrum-mpi/ibm/spectrum-mpi-2020.08.19/lib/libopen-rte.so.3.1.0
msg: Line map : /usr/tce/packages/spectrum-mpi/ibm/spectrum-mpi-2020.08.19/lib/libopen-pal.so.3.1.0
msg: Line map : [vdso]
msg: Line map : /usr/tce/packages/spectrum-mpi/ibm/spectrum-mpi-2020.08.19/lib/spectrum_mpi/mca_ess_pmi.so
msg: Line map : /usr/tce/packages/spectrum-mpi/ibm/spectrum-mpi-2020.08.19/lib/spectrum_mpi/mca_pmix_ext3x.so
msg: Line map : /usr/tce/packages/spectrum-mpi/ibm/spectrum-mpi-2020.08.19/lib/libpmix.so.2.2.24
msg: Line map : /usr/tce/packages/spectrum-mpi/ibm/spectrum-mpi-2020.08.19/lib/spectrum_mpi/mca_pml_pami.so
msg: Line map : /usr/tce/packages/spectrum-mpi/ibm/spectrum-mpi-2020.08.19/lib/pami_port/libpami.so.3.1.0
msg: Line map : /usr/tce/packages/spectrum-mpi/ibm/spectrum-mpi-2020.08.19/lib/libmca_common_pami.so.3.1.0
msg: Line map : /usr/lib64/libibverbs.so.1.0.0
msg: Line map : /usr/tce/packages/spectrum-mpi/ibm/spectrum-mpi-2020.08.19/lib/spectrum_mpi/mca_coll_ibm.so
msg: Line map : /usr/tce/packages/spectrum-mpi/ibm/spectrum-mpi-2020.08.19/lib/pami_port/libcollectives.so.3.1.0
msg: Line map : /usr/lib64/libmlx5.so.1.0.0
msg: Populating Experiment database: /p/gpfs1/haskins8/hpctoolkit-gcc8/hpctoolkit-database5
msg: STRUCTURE: /p/gpfs1/haskins8/hpctoolkit-gcc8/ping_pong
msg: Line map : /collab/usr/global/tools/hpctoolkit/blueos_3_ppc64le_ib/.install/2020-08/packages/linux-rhel7-ppc64le/gcc-7.3.1/hpctoolkit-2020.08.03-owvnf3dby5c6r7lavcmajluzbinwzax2/lib/hpctoolkit/libhpcrun.so.0.0.0
msg: Line map : /collab/usr/global/tools/hpctoolkit/blueos_3_ppc64le_ib/.install/2020-08/packages/linux-rhel7-ppc64le/gcc-7.3.1/hpctoolkit-2020.08.03-owvnf3dby5c6r7lavcmajluzbinwzax2/lib/hpctoolkit/ext-libs/libmonitor.so.0.0.0
msg: Line map : /usr/tce/packages/spectrum-mpi/ibm/spectrum-mpi-2020.08.19/lib/libpami_cudahook.so.1.0
msg: Line map : /usr/tce/packages/cuda/cuda-11.1.1/nvidia/compat/libcuda.so.455.32.00
msg: Line map : /usr/tce/packages/cuda/cuda-11.1.1/nvidia/targets/ppc64le-linux/lib/libcudart.so.11.1.74
msg: Line map : /g/g15/haskins8/spack/opt/spack/linux-rhel7-power9le/gcc-8.3.1/kokkos-3.2.00-szs4cjrmi42cgjlz3quck3rir763ozuo/lib64/libkokkoscore.so.3.2.0
msg: Line map : /usr/lib64/libpthread-2.17.so
msg: Line map : /usr/tce/packages/spectrum-mpi/ibm/spectrum-mpi-2020.08.19/lib/libmpi_ibm.so.3.1.0
msg: Line map : /usr/lib64/libc-2.17.so
msg: Line map : /usr/tce/packages/spectrum-mpi/ibm/spectrum-mpi-2020.08.19/lib/libopen-rte.so.3.1.0
msg: Line map : /usr/tce/packages/spectrum-mpi/ibm/spectrum-mpi-2020.08.19/lib/libopen-pal.so.3.1.0
msg: Line map : [vdso]
msg: Line map : /usr/tce/packages/spectrum-mpi/ibm/spectrum-mpi-2020.08.19/lib/spectrum_mpi/mca_ess_pmi.so
msg: Line map : /usr/tce/packages/spectrum-mpi/ibm/spectrum-mpi-2020.08.19/lib/spectrum_mpi/mca_pmix_ext3x.so
msg: Line map : /usr/tce/packages/spectrum-mpi/ibm/spectrum-mpi-2020.08.19/lib/libpmix.so.2.2.24
msg: Line map : /usr/tce/packages/spectrum-mpi/ibm/spectrum-mpi-2020.08.19/lib/spectrum_mpi/mca_pml_pami.so
msg: Line map : /usr/tce/packages/spectrum-mpi/ibm/spectrum-mpi-2020.08.19/lib/pami_port/libpami.so.3.1.0
msg: Line map : /usr/tce/packages/spectrum-mpi/ibm/spectrum-mpi-2020.08.19/lib/libmca_common_pami.so.3.1.0
msg: Line map : /usr/tce/packages/spectrum-mpi/ibm/spectrum-mpi-2020.08.19/lib/libmca_common_pamiopal.so.3.1.0
msg: Line map : /usr/lib64/libibverbs.so.1.0.0
msg: Line map : /usr/tce/packages/spectrum-mpi/ibm/spectrum-mpi-2020.08.19/lib/spectrum_mpi/mca_coll_ibm.so
msg: Line map : /usr/tce/packages/spectrum-mpi/ibm/spectrum-mpi-2020.08.19/lib/pami_port/libcollectives.so.3.1.0
msg: Line map : /usr/lib64/libmlx5.so.1.0.0
msg: Populating Experiment database: /p/gpfs1/haskins8/hpctoolkit-gcc8/hpctoolkit-database6
msg: STRUCTURE: /p/gpfs1/haskins8/hpctoolkit-gcc8/ping_pong
msg: Line map : /collab/usr/global/tools/hpctoolkit/blueos_3_ppc64le_ib/.install/2020-08/packages/linux-rhel7-ppc64le/gcc-7.3.1/hpctoolkit-2020.08.03-owvnf3dby5c6r7lavcmajluzbinwzax2/lib/hpctoolkit/libhpcrun.so.0.0.0
msg: Line map : /collab/usr/global/tools/hpctoolkit/blueos_3_ppc64le_ib/.install/2020-08/packages/linux-rhel7-ppc64le/gcc-7.3.1/hpctoolkit-2020.08.03-owvnf3dby5c6r7lavcmajluzbinwzax2/lib/hpctoolkit/ext-libs/libmonitor.so.0.0.0
msg: Line map : /usr/tce/packages/spectrum-mpi/ibm/spectrum-mpi-2020.08.19/lib/libpami_cudahook.so.1.0
msg: Line map : /usr/tce/packages/cuda/cuda-11.1.1/nvidia/compat/libcuda.so.455.32.00
msg: Line map : /usr/tce/packages/cuda/cuda-11.1.1/nvidia/targets/ppc64le-linux/lib/libcudart.so.11.1.74
msg: Line map : /g/g15/haskins8/spack/opt/spack/linux-rhel7-power9le/gcc-8.3.1/kokkos-3.2.00-szs4cjrmi42cgjlz3quck3rir763ozuo/lib64/libkokkoscore.so.3.2.0
msg: Line map : /usr/lib64/libpthread-2.17.so
msg: Line map : /usr/tce/packages/spectrum-mpi/ibm/spectrum-mpi-2020.08.19/lib/libmpi_ibm.so.3.1.0
msg: Line map : /usr/lib64/libc-2.17.so
msg: Line map : /usr/tce/packages/spectrum-mpi/ibm/spectrum-mpi-2020.08.19/lib/libopen-rte.so.3.1.0
msg: Line map : /usr/tce/packages/spectrum-mpi/ibm/spectrum-mpi-2020.08.19/lib/libopen-pal.so.3.1.0
msg: Line map : [vdso]
msg: Line map : /usr/tce/packages/spectrum-mpi/ibm/spectrum-mpi-2020.08.19/lib/spectrum_mpi/mca_ess_pmi.so
msg: Line map : /usr/tce/packages/spectrum-mpi/ibm/spectrum-mpi-2020.08.19/lib/spectrum_mpi/mca_pmix_ext3x.so
msg: Line map : /usr/tce/packages/spectrum-mpi/ibm/spectrum-mpi-2020.08.19/lib/libpmix.so.2.2.24
msg: Line map : /usr/tce/packages/spectrum-mpi/ibm/spectrum-mpi-2020.08.19/lib/spectrum_mpi/mca_pml_pami.so
msg: Line map : /usr/tce/packages/spectrum-mpi/ibm/spectrum-mpi-2020.08.19/lib/pami_port/libpami.so.3.1.0
msg: Line map : /usr/tce/packages/spectrum-mpi/ibm/spectrum-mpi-2020.08.19/lib/libmca_common_pami.so.3.1.0
msg: Line map : /usr/lib64/libibverbs.so.1.0.0
msg: Line map : /usr/tce/packages/spectrum-mpi/ibm/spectrum-mpi-2020.08.19/lib/spectrum_mpi/mca_coll_ibm.so
msg: Line map : /usr/tce/packages/spectrum-mpi/ibm/spectrum-mpi-2020.08.19/lib/pami_port/libcollectives.so.3.1.0
msg: Line map : /usr/lib64/libmlx5.so.1.0.0
msg: Populating Experiment database: /p/gpfs1/haskins8/hpctoolkit-gcc8/hpctoolkit-database7
msg: STRUCTURE: /p/gpfs1/haskins8/hpctoolkit-gcc8/ping_pong
msg: Line map : /collab/usr/global/tools/hpctoolkit/blueos_3_ppc64le_ib/.install/2020-08/packages/linux-rhel7-ppc64le/gcc-7.3.1/hpctoolkit-2020.08.03-owvnf3dby5c6r7lavcmajluzbinwzax2/lib/hpctoolkit/libhpcrun.so.0.0.0
msg: Line map : /collab/usr/global/tools/hpctoolkit/blueos_3_ppc64le_ib/.install/2020-08/packages/linux-rhel7-ppc64le/gcc-7.3.1/hpctoolkit-2020.08.03-owvnf3dby5c6r7lavcmajluzbinwzax2/lib/hpctoolkit/ext-libs/libmonitor.so.0.0.0
msg: Line map : /usr/tce/packages/spectrum-mpi/ibm/spectrum-mpi-2020.08.19/lib/libpami_cudahook.so.1.0
msg: Line map : /usr/tce/packages/cuda/cuda-11.1.1/nvidia/compat/libcuda.so.455.32.00
msg: Line map : /usr/tce/packages/cuda/cuda-11.1.1/nvidia/targets/ppc64le-linux/lib/libcudart.so.11.1.74
msg: Line map : /g/g15/haskins8/spack/opt/spack/linux-rhel7-power9le/gcc-8.3.1/kokkos-3.2.00-szs4cjrmi42cgjlz3quck3rir763ozuo/lib64/libkokkoscore.so.3.2.0
msg: Line map : /usr/lib64/libpthread-2.17.so
msg: Line map : /usr/tce/packages/spectrum-mpi/ibm/spectrum-mpi-2020.08.19/lib/libmpi_ibm.so.3.1.0
msg: Line map : /usr/lib64/libc-2.17.so
msg: Line map : /usr/tce/packages/spectrum-mpi/ibm/spectrum-mpi-2020.08.19/lib/libopen-rte.so.3.1.0
msg: Line map : /usr/tce/packages/spectrum-mpi/ibm/spectrum-mpi-2020.08.19/lib/libopen-pal.so.3.1.0
msg: Line map : [vdso]
msg: Line map : /usr/tce/packages/spectrum-mpi/ibm/spectrum-mpi-2020.08.19/lib/spectrum_mpi/mca_ess_pmi.so
msg: Line map : /usr/tce/packages/spectrum-mpi/ibm/spectrum-mpi-2020.08.19/lib/spectrum_mpi/mca_pmix_ext3x.so
msg: Line map : /usr/tce/packages/spectrum-mpi/ibm/spectrum-mpi-2020.08.19/lib/libpmix.so.2.2.24
msg: Line map : /usr/tce/packages/spectrum-mpi/ibm/spectrum-mpi-2020.08.19/lib/spectrum_mpi/mca_pml_pami.so
msg: Line map : /usr/tce/packages/spectrum-mpi/ibm/spectrum-mpi-2020.08.19/lib/pami_port/libpami.so.3.1.0
msg: Line map : /usr/tce/packages/spectrum-mpi/ibm/spectrum-mpi-2020.08.19/lib/libmca_common_pami.so.3.1.0
msg: Line map : /usr/lib64/libibverbs.so.1.0.0
msg: Line map : /usr/tce/packages/spectrum-mpi/ibm/spectrum-mpi-2020.08.19/lib/spectrum_mpi/mca_coll_ibm.so
msg: Line map : /usr/tce/packages/spectrum-mpi/ibm/spectrum-mpi-2020.08.19/lib/pami_port/libcollectives.so.3.1.0
msg: Line map : /usr/lib64/libmlx5.so.1.0.0
msg: Populating Experiment database: /p/gpfs1/haskins8/hpctoolkit-gcc8/hpctoolkit-database8
logout

------------------------------------------------------------
Sender: LSF System <lsfadmin@lassen710>
Subject: Job 3187193: <gpu-benchmark> in cluster <lassen> Done

Job <gpu-benchmark> was submitted from host <lassen709> by user <haskins8> in cluster <lassen> at Wed Jan 19 12:35:10 2022
Job was executed on host(s) <1*lassen710>, in queue <pbatch>, as user <haskins8> in cluster <lassen> at Wed Jan 19 13:45:21 2022
                            <40*lassen766>
                            <40*lassen768>
</g/g15/haskins8> was used as the home directory.
</g/g15/haskins8/CUP-ECS/ping-pong-gpu/build-hpctoolkit> was used as the working directory.
Started at Wed Jan 19 13:45:21 2022
Terminated at Wed Jan 19 13:49:18 2022
Results reported at Wed Jan 19 13:49:18 2022

Your job looked like:

------------------------------------------------------------
# LSBATCH: User input
#!/bin/bash

### LSF syntax
#BSUB -nnodes 2                   #number of nodes
##BSUB -W 60                      #walltime in minutes
#BSUB -W 720                      #walltime in minutes
#BSUB -e log.%J.err               #stderr
#BSUB -o log.%J.out               #stdout
#BSUB -J gpu-benchmark            #name of job
#BSUB -q pbatch                   #queue to use
##BSUB -q pdebug                  #queue to use

#cd ~/CUP-ECS/ping-pong-gpu/

export PINGPONGBIN=$(realpath ~/CUP-ECS/ping-pong-gpu/build-hpctoolkit/ping_pong)
export TESTDIR=/p/gpfs1/haskins8/hpctoolkit-gcc8
#export TESTDIR=../fiesta-tests/3D_Expansion_gpu-pack
#export ENV=./env-files/spectrum-mpi-lassen
#export TAG=poster-hpc-toolkit
export OUTDIR=$(realpath /usr/workspace/haskins8/hpctoolkit-gcc8)
mkdir -p ${TESTDIR}
mkdir -p ${OUTDIR}

#. ${ENV}
#spack load hpctoolkit

#export TESTDIRCOPY=~/gpfs/$(basename ${TESTDIR})_$(basename ${ENV})_$(date --iso-8601=seconds)_${TAG}
cp  ${PINGPONGBIN} ${TESTDIR}
cd ${TESTDIR}
#cp ${PINGPONGBIN} .
export PINGPONGBIN=$(realpath ./$(basename ${PINGPONGBIN}))

#for i in 640; do
#for i in 10 20 40 80 160 320 640; do
for i in 10 20; do
    lrun -M "-gpu" -N 2 -T 1 -g 1 --gpubind=off hpcrun -t -o hpctoolkit-measurements0 ${PINGPONGBIN} $i 1000 4 0 0 #--kokkos-num-devices=2
    lrun -M "-gpu" -N 2 -T 1 -g 1 --gpubind=off hpcrun -t -o hpctoolkit-measurements1 ${PINGPONGBIN} $i 1000 4 1 0 #--kokkos-num-devices=2
    lrun -M "-gpu" -N 2 -T 1 -g 1 --gpubind=off hpcrun -t -o hpctoolkit-measurements2 ${PINGPONGBIN} $i 1000 4 2 0 #--kokkos-num-devices=2
    lrun -M "-gpu" -N 2 -T 1 -g 1 --gpubind=off hpcrun -t -o hpctoolkit-measurements3 ${PINGPONGBIN} $i 1000 4 0 1 #--kokkos-num-devices=2
    lrun -M "-gpu" -N 2 -T 1 -g 1 --gpubind=off hpcrun -t -o hpctoolkit-measurements4 ${PINGPONGBIN} $i 1000 4 1 1 #--kokkos-num-devices=2
    lrun -M "-gpu" -N 2 -T 1 -g 1 --gpubind=off hpcrun -t -o hpctoolkit-measurements5 ${PINGPONGBIN} $i 1000 4 2 1 #--kokkos-num-devices=2
    lrun -M "-gpu" -N 2 -T 1 -g 1 --gpubind=off hpcrun -t -o hpctoolkit-measurements6 ${PINGPONGBIN} $i 1000 4 0 2 #--kokkos-num-devices=2
    lrun -M "-gpu" -N 2 -T 1 -g 1 --gpubind=off hpcrun -t -o hpctoolkit-measurements7 ${PINGPONGBIN} $i 1000 4 1 2 #--kokkos-num-devices=2
    lrun -M "-gpu" -N 2 -T 1 -g 1 --gpubind=off hpcrun -t -o hpctoolkit-measurements8 ${PINGPONGBIN} $i 1000 4 2 2 #--kokkos-num-devices=2
done

hpcstruct -o bin.struct ${PINGPONGBIN}
lrun -N 2 -T 1 hpcprof-mpi --metric-db yes -S ./bin.struct -I ~/CUP-ECS/ping-pong-gpu/src ./hpctoolkit-measurements0
lrun -N 2 -T 1 hpcprof-mpi --metric-db yes -S ./bin.struct -I ~/CUP-ECS/ping-pong-gpu/src ./hpctoolkit-measurements1
lrun -N 2 -T 1 hpcprof-mpi --metric-db yes -S ./bin.struct -I ~/CUP-ECS/ping-pong-gpu/src ./hpctoolkit-measurements2

(... more ...)
------------------------------------------------------------

Successfully completed.

Resource usage summary:

    CPU time :                                   0.29 sec.
    Max Memory :                                 61 MB
    Average Memory :                             58.64 MB
    Total Requested Memory :                     -
    Delta Memory :                               -
    Max Swap :                                   1425 MB
    Max Processes :                              4
    Max Threads :                                27
    Run time :                                   237 sec.
    Turnaround time :                            4448 sec.

The output (if any) is above this job summary.



PS:

Read file <log.3187193.err> for stderr output of this job.

