Agent pid 163428
Agent pid 163637
Duration  = 0.080352
Latency   = 0.000040
Bandwidth = 298686154.278866
Duration  = 0.124297
Latency   = 0.000062
Bandwidth = 193086521.024186
Duration  = 0.184110
Latency   = 0.000092
Bandwidth = 130356849.757913
Duration  = 0.866466
Latency   = 0.000433
Bandwidth = 27698722.290256
Duration  = 0.117386
Latency   = 0.000059
Bandwidth = 204454483.916844
Duration  = 0.181612
Latency   = 0.000091
Bandwidth = 132149979.456460
Duration  = 8.207077
Latency   = 0.004104
Bandwidth = 2924305.397306
Duration  = 0.122214
Latency   = 0.000061
Bandwidth = 196376831.101442
Duration  = 0.180415
Latency   = 0.000090
Bandwidth = 133026411.102460
Duration  = 0.086040
Latency   = 0.000043
Bandwidth = 1115754807.720637
Duration  = 0.131937
Latency   = 0.000066
Bandwidth = 727619101.526383
Duration  = 0.217653
Latency   = 0.000109
Bandwidth = 441068431.119269
Duration  = 1.712279
Latency   = 0.000856
Bandwidth = 56065619.144581
Duration  = 0.142583
Latency   = 0.000071
Bandwidth = 673292156.047492
Duration  = 0.215555
Latency   = 0.000108
Bandwidth = 445362935.395272
Duration  = 32.737482
Latency   = 0.016369
Bandwidth = 2932418.525233
Duration  = 0.129894
Latency   = 0.000065
Bandwidth = 739063556.894568
Duration  = 0.209874
Latency   = 0.000105
Bandwidth = 457417630.091432
Duration  = 0.109581
Latency   = 0.000055
Bandwidth = 3504267485.993607
Duration  = 0.159171
Latency   = 0.000080
Bandwidth = 2412505539.103294
Duration  = 0.306290
Latency   = 0.000153
Bandwidth = 1253714783.021150
Duration  = 3.466604
Latency   = 0.001733
Bandwidth = 110771223.234655
Duration  = 0.157846
Latency   = 0.000079
Bandwidth = 2432757043.176914
Duration  = 0.300504
Latency   = 0.000150
Bandwidth = 1277854414.286178
Duration  = 131.331849
Latency   = 0.065666
Bandwidth = 2923890.914793
Duration  = 0.163192
Latency   = 0.000082
Bandwidth = 2353062909.988658
Duration  = 0.301420
Latency   = 0.000151
Bandwidth = 1273968574.141328
Duration  = 0.225180
Latency   = 0.000113
Bandwidth = 6821205518.579085
Duration  = 0.253217
Latency   = 0.000127
Bandwidth = 6065936804.146266
Duration  = 0.565679
Latency   = 0.000283
Bandwidth = 2715321523.077725
Duration  = 7.156731
Latency   = 0.003578
Bandwidth = 214623141.237265
Duration  = 0.260035
Latency   = 0.000130
Bandwidth = 5906902191.367648
Duration  = 0.557221
Latency   = 0.000279
Bandwidth = 2756534530.658514
Duration  = 519.204529
Latency   = 0.259602
Bandwidth = 2958371.728773
Duration  = 0.248167
Latency   = 0.000124
Bandwidth = 6189381386.078597
Duration  = 0.546571
Latency   = 0.000273
Bandwidth = 2810249361.439442
Duration  = 0.713240
Latency   = 0.000357
Bandwidth = 8614210323.541368
Duration  = 0.868520
Latency   = 0.000434
Bandwidth = 7074103625.753058
Duration  = 1.687512
Latency   = 0.000844
Bandwidth = 3640863267.999225
Duration  = 14.910844
Latency   = 0.007455
Bandwidth = 412049121.470812
Duration  = 0.824277
Latency   = 0.000412
Bandwidth = 7453801082.482630
Duration  = 1.669114
Latency   = 0.000835
Bandwidth = 3680994432.436608
Duration  = 2074.896594
Latency   = 1.037448
Bandwidth = 2961111.420070
Duration  = 0.821519
Latency   = 0.000411
Bandwidth = 7478826631.114195
Duration  = 1.666627
Latency   = 0.000833
Bandwidth = 3686487205.329437
Duration  = 2.178630
Latency   = 0.001089
Bandwidth = 11280482224.201101
Duration  = 2.886301
Latency   = 0.001443
Bandwidth = 8514703139.212782
Duration  = 6.172252
Latency   = 0.003086
Bandwidth = 3981691123.337879
Duration  = 33.946877
Latency   = 0.016973
Bandwidth = 723954659.977847
Duration  = 2.813541
Latency   = 0.001407
Bandwidth = 8734899414.240723
Duration  = 6.112593
Latency   = 0.003056
Bandwidth = 4020552126.698647
Duration  = 8305.684995
Latency   = 4.152842
Bandwidth = 2958937.163547
Duration  = 2.772403
Latency   = 0.001386
Bandwidth = 8864512841.212257
Duration  = 6.032530
Latency   = 0.003016
Bandwidth = 4073912768.611961
Duration  = 8.090067
Latency   = 0.004045
Bandwidth = 12151197006.155094
Duration  = 11.571293
Latency   = 0.005786
Bandwidth = 8495506604.928073
Duration  = 27.489619
Latency   = 0.013745
Bandwidth = 3576040843.313090
Duration  = 101.853888
Latency   = 0.050927
Bandwidth = 965147255.187265
Duration  = 11.151496
Latency   = 0.005576
Bandwidth = 8815319545.676529
Duration  = 26.627826
Latency   = 0.013314
Bandwidth = 3691777201.922299

------------------------------------------------------------
Sender: LSF System <lsfadmin@lassen710>
Subject: Job 3187936: <gpu-benchmark> in cluster <lassen> Exited

Job <gpu-benchmark> was submitted from host <lassen709> by user <haskins8> in cluster <lassen> at Wed Jan 19 15:15:28 2022
Job was executed on host(s) <1*lassen710>, in queue <pbatch>, as user <haskins8> in cluster <lassen> at Wed Jan 19 15:20:34 2022
                            <40*lassen224>
                            <40*lassen65>
</g/g15/haskins8> was used as the home directory.
</g/g15/haskins8/CUP-ECS/ping-pong-gpu/build-hpctoolkit> was used as the working directory.
Started at Wed Jan 19 15:20:34 2022
Terminated at Thu Jan 20 03:21:21 2022
Results reported at Thu Jan 20 03:21:21 2022

Your job looked like:

------------------------------------------------------------
# LSBATCH: User input
#!/bin/bash

### LSF syntax
#BSUB -nnodes 2                   #number of nodes
#BSUB -W 720                      #walltime in minutes
#BSUB -e log.%J.err               #stderr
#BSUB -o log.%J.out               #stdout
#BSUB -J gpu-benchmark            #name of job
#BSUB -q pbatch                   #queue to use

cd ~/CUP-ECS/ping-pong-gpu/build-hpctoolkit/
source mods

export PINGPONGBIN=$(realpath ~/CUP-ECS/ping-pong-gpu/build-hpctoolkit/ping_pong)
export TESTDIR=/p/gpfs1/haskins8/hpctoolkit-gcc8
#export TESTDIR=../fiesta-tests/3D_Expansion_gpu-pack
#export ENV=./env-files/spectrum-mpi-lassen
#export TAG=poster-hpc-toolkit
export OUTDIR=$(realpath /usr/workspace/haskins8/hpctoolkit-gcc8)
mkdir -p ${TESTDIR}
mkdir -p ${OUTDIR}

#. ${ENV}
#spack load hpctoolkit

#export TESTDIRCOPY=~/gpfs/$(basename ${TESTDIR})_$(basename ${ENV})_$(date --iso-8601=seconds)_${TAG}
cp  ${PINGPONGBIN} ${TESTDIR}
cd ${TESTDIR}
#cp ${PINGPONGBIN} .
export PINGPONGBIN=$(realpath ./$(basename ${PINGPONGBIN}))

#for i in 640; do
for i in 10 20 40 80 160 320 640; do
#for i in 10 20; do
    lrun -M "-gpu" -N 2 -T 1 -g 1 --gpubind=off hpcrun -t -o hpctoolkit-measurements0 ${PINGPONGBIN} $i 1000 4 0 0 #--kokkos-num-devices=2
    lrun -M "-gpu" -N 2 -T 1 -g 1 --gpubind=off hpcrun -t -o hpctoolkit-measurements1 ${PINGPONGBIN} $i 1000 4 1 0 #--kokkos-num-devices=2
    lrun -M "-gpu" -N 2 -T 1 -g 1 --gpubind=off hpcrun -t -o hpctoolkit-measurements2 ${PINGPONGBIN} $i 1000 4 2 0 #--kokkos-num-devices=2
    lrun -M "-gpu" -N 2 -T 1 -g 1 --gpubind=off hpcrun -t -o hpctoolkit-measurements3 ${PINGPONGBIN} $i 1000 4 0 1 #--kokkos-num-devices=2
    lrun -M "-gpu" -N 2 -T 1 -g 1 --gpubind=off hpcrun -t -o hpctoolkit-measurements4 ${PINGPONGBIN} $i 1000 4 1 1 #--kokkos-num-devices=2
    lrun -M "-gpu" -N 2 -T 1 -g 1 --gpubind=off hpcrun -t -o hpctoolkit-measurements5 ${PINGPONGBIN} $i 1000 4 2 1 #--kokkos-num-devices=2
    lrun -M "-gpu" -N 2 -T 1 -g 1 --gpubind=off hpcrun -t -o hpctoolkit-measurements6 ${PINGPONGBIN} $i 1000 4 0 2 #--kokkos-num-devices=2
    lrun -M "-gpu" -N 2 -T 1 -g 1 --gpubind=off hpcrun -t -o hpctoolkit-measurements7 ${PINGPONGBIN} $i 1000 4 1 2 #--kokkos-num-devices=2
    lrun -M "-gpu" -N 2 -T 1 -g 1 --gpubind=off hpcrun -t -o hpctoolkit-measurements8 ${PINGPONGBIN} $i 1000 4 2 2 #--kokkos-num-devices=2
done

hpcstruct -o bin.struct ${PINGPONGBIN}
lrun -N 2 -T 1 hpcprof-mpi --metric-db yes -S ./bin.struct -I ~/CUP-ECS/ping-pong-gpu/src ./hpctoolkit-measurements0
lrun -N 2 -T 1 hpcprof-mpi --metric-db yes -S ./bin.struct -I ~/CUP-ECS/ping-pong-gpu/src ./hpctoolkit-measurements1
lrun -N 2 -T 1 hpcprof-mpi --metric-db yes -S ./bin.struct -I ~/CUP-ECS/ping-pong-gpu/src ./hpctoolkit-measurements2
lrun -N 2 -T 1 hpcprof-mpi --metric-db yes -S ./bin.struct -I ~/CUP-ECS/ping-pong-gpu/src ./hpctoolkit-measurements3

(... more ...)
------------------------------------------------------------

TERM_RUNLIMIT: job killed after reaching LSF run time limit.
Exited with exit code 140.

Resource usage summary:

    CPU time :                                   18.00 sec.
    Max Memory :                                 94 MB
    Average Memory :                             61.01 MB
    Total Requested Memory :                     -
    Delta Memory :                               -
    Max Swap :                                   1425 MB
    Max Processes :                              9
    Max Threads :                                27
    Run time :                                   43247 sec.
    Turnaround time :                            43553 sec.

The output (if any) is above this job summary.



PS:

Read file <log.3187936.err> for stderr output of this job.

