Agent pid 33781
Agent pid 33981
Duration  = 0.068105
Latency   = 0.000034
Bandwidth = 352396661.441016
Duration  = 0.118873
Latency   = 0.000059
Bandwidth = 201895691.180014
Duration  = 0.177412
Latency   = 0.000089
Bandwidth = 135278332.887093
Duration  = 0.873570
Latency   = 0.000437
Bandwidth = 27473458.475578
Duration  = 0.117504
Latency   = 0.000059
Bandwidth = 204248308.651670
Duration  = 0.177026
Latency   = 0.000089
Bandwidth = 135573449.593893
Duration  = 8.387944
Latency   = 0.004194
Bandwidth = 2861249.341614
Duration  = 0.109682
Latency   = 0.000055
Bandwidth = 218814003.665900
Duration  = 0.181535
Latency   = 0.000091
Bandwidth = 132206030.870053
Duration  = 0.076936
Latency   = 0.000038
Bandwidth = 1247793939.308863
Duration  = 0.124948
Latency   = 0.000062
Bandwidth = 768322431.118153
Duration  = 0.213601
Latency   = 0.000107
Bandwidth = 449435576.331464
Duration  = 1.756968
Latency   = 0.000878
Bandwidth = 54639596.925560
Duration  = 0.121949
Latency   = 0.000061
Bandwidth = 787212358.446815
Duration  = 0.212407
Latency   = 0.000106
Bandwidth = 451962659.146410
Duration  = 33.116579
Latency   = 0.016558
Bandwidth = 2898850.133319
Duration  = 0.131477
Latency   = 0.000066
Bandwidth = 730166615.426971
Duration  = 0.207330
Latency   = 0.000104
Bandwidth = 463028942.800935
Duration  = 0.104414
Latency   = 0.000052
Bandwidth = 3677665280.167702
Duration  = 0.150219
Latency   = 0.000075
Bandwidth = 2556268461.550567
Duration  = 0.292829
Latency   = 0.000146
Bandwidth = 1311344400.797773
Duration  = 3.441408
Latency   = 0.001721
Bandwidth = 111582226.867336
Duration  = 0.146070
Latency   = 0.000073
Bandwidth = 2628885474.760800
Duration  = 0.291346
Latency   = 0.000146
Bandwidth = 1318021000.117836
Duration  = 132.228744
Latency   = 0.066114
Bandwidth = 2904058.450406
Duration  = 0.155473
Latency   = 0.000078
Bandwidth = 2469874652.639305
Duration  = 0.291148
Latency   = 0.000146
Bandwidth = 1318918805.592900
Duration  = 0.208091
Latency   = 0.000104
Bandwidth = 7381391952.042404
Duration  = 0.241775
Latency   = 0.000121
Bandwidth = 6353003629.182276
Duration  = 0.548437
Latency   = 0.000274
Bandwidth = 2800685333.535878
Duration  = 7.258083
Latency   = 0.003629
Bandwidth = 211626113.438384
Duration  = 0.250668
Latency   = 0.000125
Bandwidth = 6127636538.791894
Duration  = 0.547841
Latency   = 0.000274
Bandwidth = 2803731874.455261
Duration  = 529.295215
Latency   = 0.264648
Bandwidth = 2901972.201208
Duration  = 0.241223
Latency   = 0.000121
Bandwidth = 6367548848.551498
Duration  = 0.546694
Latency   = 0.000273
Bandwidth = 2809617579.987919
Duration  = 0.647716
Latency   = 0.000324
Bandwidth = 9485632982.935379
Duration  = 0.828343
Latency   = 0.000414
Bandwidth = 7417221338.063711
Duration  = 1.676318
Latency   = 0.000838
Bandwidth = 3665176708.504271
Duration  = 15.102275
Latency   = 0.007551
Bandwidth = 406826132.525807
Duration  = 0.819049
Latency   = 0.000410
Bandwidth = 7501387042.359442
Duration  = 1.662841
Latency   = 0.000831
Bandwidth = 3694880612.652196
Duration  = 2109.172444
Latency   = 1.054586
Bandwidth = 2912990.835346
Duration  = 0.804152
Latency   = 0.000402
Bandwidth = 7640342116.612930
Duration  = 1.660776
Latency   = 0.000830
Bandwidth = 3699474989.344079
Duration  = 2.177859
Latency   = 0.001089
Bandwidth = 11284479042.474337
Duration  = 2.846510
Latency   = 0.001423
Bandwidth = 8633731574.296431
Duration  = 6.086330
Latency   = 0.003043
Bandwidth = 4037901109.439816
Duration  = 34.107244
Latency   = 0.017054
Bandwidth = 720550738.813589
Duration  = 2.762030
Latency   = 0.001381
Bandwidth = 8897804113.363098
Duration  = 6.107647
Latency   = 0.003054
Bandwidth = 4023808442.308090
Duration  = 8408.514487
Latency   = 4.204257
Bandwidth = 2922751.698728
Duration  = 2.767610
Latency   = 0.001384
Bandwidth = 8879865303.890041
Duration  = 6.034137
Latency   = 0.003017
Bandwidth = 4072827328.518643
Duration  = 8.060706
Latency   = 0.004030
Bandwidth = 12195458389.114212
Duration  = 11.746298
Latency   = 0.005873
Bandwidth = 8368934401.491279
Duration  = 26.974825
Latency   = 0.013487
Bandwidth = 3644286792.875245
Duration  = 102.092882
Latency   = 0.051046
Bandwidth = 962887893.200028
Duration  = 11.062584
Latency   = 0.005531
Bandwidth = 8886169602.231937
Duration  = 26.886947
Latency   = 0.013443
Bandwidth = 3656197930.198264

------------------------------------------------------------
Sender: LSF System <lsfadmin@lassen710>
Subject: Job 3162841: <gpu-benchmark> in cluster <lassen> Exited

Job <gpu-benchmark> was submitted from host <lassen709> by user <haskins8> in cluster <lassen> at Fri Jan 14 12:49:56 2022
Job was executed on host(s) <1*lassen710>, in queue <pbatch>, as user <haskins8> in cluster <lassen> at Fri Jan 14 14:10:16 2022
                            <40*lassen720>
                            <40*lassen721>
</g/g15/haskins8> was used as the home directory.
</g/g15/haskins8/CUP-ECS/ping-pong-gpu/build-hpctoolkit> was used as the working directory.
Started at Fri Jan 14 14:10:16 2022
Terminated at Sat Jan 15 02:10:30 2022
Results reported at Sat Jan 15 02:10:30 2022

Your job looked like:

------------------------------------------------------------
# LSBATCH: User input
#!/bin/bash

### LSF syntax
#BSUB -nnodes 2                   #number of nodes
#BSUB -W 720                      #walltime in minutes
#BSUB -e log.%J.err               #stderr
#BSUB -o log.%J.out               #stdout
#BSUB -J gpu-benchmark            #name of job
#BSUB -q pbatch                   #queue to use

#cd ~/CUP-ECS/ping-pong-gpu/

export PINGPONGBIN=$(realpath ~/CUP-ECS/ping-pong-gpu/build-hpctoolkit/ping_pong)
export TESTDIR=/p/gpfs1/haskins8/hpctoolkit-gcc8
#export TESTDIR=../fiesta-tests/3D_Expansion_gpu-pack
#export ENV=./env-files/spectrum-mpi-lassen
#export TAG=poster-hpc-toolkit
export OUTDIR=$(realpath /usr/workspace/haskins8/hpctoolkit-gcc8)
mkdir -p ${TESTDIR}
mkdir -p ${OUTDIR}

#. ${ENV}
#spack load hpctoolkit

#export TESTDIRCOPY=~/gpfs/$(basename ${TESTDIR})_$(basename ${ENV})_$(date --iso-8601=seconds)_${TAG}
cp  ${PINGPONGBIN} ${TESTDIR}
cd ${TESTDIR}
#cp ${PINGPONGBIN} .
export PINGPONGBIN=$(realpath ./$(basename ${PINGPONGBIN}))

for i in 10 20 40 80 160 320 640; do
#for i in 10; do
    lrun -M "-gpu" -N 2 -T 1 -g 1 --gpubind=off hpcrun -t -o hpctoolkit-measurements0 ${PINGPONGBIN} $i 1000 4 0 0 #--kokkos-num-devices=2
    lrun -M "-gpu" -N 2 -T 1 -g 1 --gpubind=off hpcrun -t -o hpctoolkit-measurements1 ${PINGPONGBIN} $i 1000 4 1 0 #--kokkos-num-devices=2
    lrun -M "-gpu" -N 2 -T 1 -g 1 --gpubind=off hpcrun -t -o hpctoolkit-measurements2 ${PINGPONGBIN} $i 1000 4 2 0 #--kokkos-num-devices=2
    lrun -M "-gpu" -N 2 -T 1 -g 1 --gpubind=off hpcrun -t -o hpctoolkit-measurements3 ${PINGPONGBIN} $i 1000 4 0 1 #--kokkos-num-devices=2
    lrun -M "-gpu" -N 2 -T 1 -g 1 --gpubind=off hpcrun -t -o hpctoolkit-measurements4 ${PINGPONGBIN} $i 1000 4 1 1 #--kokkos-num-devices=2
    lrun -M "-gpu" -N 2 -T 1 -g 1 --gpubind=off hpcrun -t -o hpctoolkit-measurements5 ${PINGPONGBIN} $i 1000 4 2 1 #--kokkos-num-devices=2
    lrun -M "-gpu" -N 2 -T 1 -g 1 --gpubind=off hpcrun -t -o hpctoolkit-measurements6 ${PINGPONGBIN} $i 1000 4 0 2 #--kokkos-num-devices=2
    lrun -M "-gpu" -N 2 -T 1 -g 1 --gpubind=off hpcrun -t -o hpctoolkit-measurements7 ${PINGPONGBIN} $i 1000 4 1 2 #--kokkos-num-devices=2
    lrun -M "-gpu" -N 2 -T 1 -g 1 --gpubind=off hpcrun -t -o hpctoolkit-measurements8 ${PINGPONGBIN} $i 1000 4 2 2 #--kokkos-num-devices=2
done

hpcstruct -o bin.struct ${PINGPONGBIN}
lrun -N 2 -T 1 hpcprof-mpi --metric-db yes -S ./bin.struct -I ~/CUP-ECS/ping-pong-gpu/src ./hpctoolkit-measurements0
lrun -N 2 -T 1 hpcprof-mpi --metric-db yes -S ./bin.struct -I ~/CUP-ECS/ping-pong-gpu/src ./hpctoolkit-measurements1
lrun -N 2 -T 1 hpcprof-mpi --metric-db yes -S ./bin.struct -I ~/CUP-ECS/ping-pong-gpu/src ./hpctoolkit-measurements2
lrun -N 2 -T 1 hpcprof-mpi --metric-db yes -S ./bin.struct -I ~/CUP-ECS/ping-pong-gpu/src ./hpctoolkit-measurements3
lrun -N 2 -T 1 hpcprof-mpi --metric-db yes -S ./bin.struct -I ~/CUP-ECS/ping-pong-gpu/src ./hpctoolkit-measurements4
lrun -N 2 -T 1 hpcprof-mpi --metric-db yes -S ./bin.struct -I ~/CUP-ECS/ping-pong-gpu/src ./hpctoolkit-measurements5

(... more ...)
------------------------------------------------------------

TERM_RUNLIMIT: job killed after reaching LSF run time limit.
Exited with exit code 140.

Resource usage summary:

    CPU time :                                   18.00 sec.
    Max Memory :                                 96 MB
    Average Memory :                             61.02 MB
    Total Requested Memory :                     -
    Delta Memory :                               -
    Max Swap :                                   1425 MB
    Max Processes :                              9
    Max Threads :                                27
    Run time :                                   43213 sec.
    Turnaround time :                            48034 sec.

The output (if any) is above this job summary.



PS:

Read file <log.3162841.err> for stderr output of this job.

