Agent pid 50709
Agent pid 50912
Duration  = 0.098546
Latency   = 0.000049
Bandwidth = 243540842.748123
Duration  = 0.110938
Latency   = 0.000055
Bandwidth = 216336698.216309
Duration  = 0.246419
Latency   = 0.000123
Bandwidth = 97395192.363905
Duration  = 0.155675
Latency   = 0.000078
Bandwidth = 154167275.386518
Duration  = 0.101231
Latency   = 0.000051
Bandwidth = 237080563.857793
Duration  = 0.241964
Latency   = 0.000121
Bandwidth = 99188345.898361
Duration  = 0.208129
Latency   = 0.000104
Bandwidth = 115312945.616969
Duration  = 0.105306
Latency   = 0.000053
Bandwidth = 227907406.234810
Duration  = 0.237809
Latency   = 0.000119
Bandwidth = 100921308.522979

------------------------------------------------------------
Sender: LSF System <lsfadmin@lassen710>
Subject: Job 3090069: <mvapich-gpu-bench> in cluster <lassen> Exited

Job <mvapich-gpu-bench> was submitted from host <lassen708> by user <haskins8> in cluster <lassen> at Mon Jan 10 14:22:28 2022
Job was executed on host(s) <1*lassen710>, in queue <pbatch>, as user <haskins8> in cluster <lassen> at Mon Jan 10 14:22:29 2022
                            <40*lassen795>
                            <40*lassen628>
</g/g15/haskins8> was used as the home directory.
</g/g15/haskins8/CUP-ECS/ping-pong-gpu/build-mvapich2> was used as the working directory.
Started at Mon Jan 10 14:22:29 2022
Terminated at Mon Jan 10 14:26:55 2022
Results reported at Mon Jan 10 14:26:55 2022

Your job looked like:

------------------------------------------------------------
# LSBATCH: User input
#!/bin/bash

### LSF Syntax
#BSUB -nnodes 2
##BSUB -W 720
#BSUB -W 10
#BSUB -e log.%J.err
#BSUB -o log.%J.out
#BSUB -J mvapich-gpu-bench
##BSUB q pbatch
#BSUB q pdebug

export MVAPICHBIN=$(realpath /g/g15/haskins8/CUP-ECS/ping-pong-gpu/build-mvapich/ping_pong)
export OUTDIR=$(realpath /usr/workspace/haskins8/mvapich-out2/)
export TESTDIRCOPY=/p/gpfs1/haskins8/mvapich2/
mkdir -p $TESTDIRCOPY
cp ${MVAPICHBIN} ${TESTDIRCOPY}

export MVAPICHBIN=${TESTDIRCOPY}/ping_pong

cd ${TESTDIRCOPY}

#for i in 10 20 40 80 160 320 640; do
for i in 10; do
    lrun -M "-gpu" -N 2 -T 1 -g 1 --gpubind=off nvprof -o %q{OMPI_COMM_WORLD_RANK}_${i}_x_direct.prof ${MVAPICHBIN} $i 1000 4 0 0
    lrun -M "-gpu" -N 2 -T 1 -g 1 --gpubind=off nvprof -o %q{OMPI_COMM_WORLD_RANK}_${i}_y_direct.prof ${MVAPICHBIN} $i 1000 4 1 0
    lrun -M "-gpu" -N 2 -T 1 -g 1 --gpubind=off nvprof -o %q{OMPI_COMM_WORLD_RANK}_${i}_z_direct.prof ${MVAPICHBIN} $i 1000 4 2 0
    lrun -M "-gpu" -N 2 -T 1 -g 1 --gpubind=off nvprof -o %q{OMPI_COMM_WORLD_RANK}_${i}_x_cuda.prof ${MVAPICHBIN} $i 1000 4 0 1
    lrun -M "-gpu" -N 2 -T 1 -g 1 --gpubind=off nvprof -o %q{OMPI_COMM_WORLD_RANK}_${i}_y_cuda.prof ${MVAPICHBIN} $i 1000 4 1 1
    lrun -M "-gpu" -N 2 -T 1 -g 1 --gpubind=off nvprof -o %q{OMPI_COMM_WORLD_RANK}_${i}_z_cuda.prof ${MVAPICHBIN} $i 1000 4 2 1
    lrun -M "-gpu" -N 2 -T 1 -g 1 --gpubind=off nvprof -o %q{OMPI_COMM_WORLD_RANK}_${i}_x_copy.prof ${MVAPICHBIN} $i 1000 4 0 2
    lrun -M "-gpu" -N 2 -T 1 -g 1 --gpubind=off nvprof -o %q{OMPI_COMM_WORLD_RANK}_${i}_y_copy.prof ${MVAPICHBIN} $i 1000 4 1 2
    lrun -M "-gpu" -N 2 -T 1 -g 1 --gpubind=off nvprof -o %q{OMPI_COMM_WORLD_RANK}_${i}_z_copy.prof ${MVAPICHBIN} $i 1000 4 2 2
done

mkdir -p ${OUTDIR}
mv ./* ${OUTDIR}

------------------------------------------------------------

TERM_OWNER: job killed by owner.
Exited with exit code 255.

Resource usage summary:

    CPU time :                                   0.91 sec.
    Max Memory :                                 60 MB
    Average Memory :                             59.87 MB
    Total Requested Memory :                     -
    Delta Memory :                               -
    Max Swap :                                   1425 MB
    Max Processes :                              4
    Max Threads :                                27
    Run time :                                   264 sec.
    Turnaround time :                            267 sec.

The output (if any) is above this job summary.



PS:

Read file <log.3090069.err> for stderr output of this job.

