Agent pid 159372
Agent pid 159576

------------------------------------------------------------
Sender: LSF System <lsfadmin@lassen710>
Subject: Job 3089928: <gpu-pack> in cluster <lassen> Exited

Job <gpu-pack> was submitted from host <lassen708> by user <haskins8> in cluster <lassen> at Mon Jan 10 12:14:14 2022
Job was executed on host(s) <1*lassen710>, in queue <pbatch>, as user <haskins8> in cluster <lassen> at Mon Jan 10 12:14:16 2022
                            <40*lassen456>
                            <40*lassen785>
</g/g15/haskins8> was used as the home directory.
</g/g15/haskins8/CUP-ECS/ping-pong-gpu/build-mvapich2> was used as the working directory.
Started at Mon Jan 10 12:14:16 2022
Terminated at Mon Jan 10 12:18:25 2022
Results reported at Mon Jan 10 12:18:25 2022

Your job looked like:

------------------------------------------------------------
# LSBATCH: User input
#!/bin/bash

### LSF syntax
#BSUB -nnodes 2                   #number of nodes
#BSUB -W 10                       #walltime in minutes
#BSUB -e log.%J.err               #stderr
#BSUB -o log.%J.out               #stdout
#BSUB -J gpu-pack                 #name of job
#BSUB -q pbatch                   #queue to use

cd ~/CUP-ECS/ping-pong-gpu/

export PINGPONGBIN=$(realpath ~/CUP-ECS/ping-pong-gpu/build-mvapich2/ping_pong)
export TESTDIR=/p/gpfs1/haskins8/mvapich2
#export TESTDIR=../fiesta-tests/3D_Expansion_gpu-pack
#export ENV=./env-files/spectrum-mpi-lassen
#export TAG=poster-hpc-toolkit
export OUTDIR=$(realpath /usr/workspace/haskins8/mvapich2-out/)
mkdir -p ${TESTDIR}
mkdir -p ${OUTDIR}

#. ${ENV}
#spack load hpctoolkit

#export TESTDIRCOPY=~/gpfs/$(basename ${TESTDIR})_$(basename ${ENV})_$(date --iso-8601=seconds)_${TAG}
cp  ${PINGPONGBIN} ${TESTDIR}
cd ${TESTDIR}
#cp ${PINGPONGBIN} .
export PINGPONGBIN=$(realpath ./$(basename ${PINGPONGBIN}))

#for i in 10 20 40 80 160 320 640; do
for i in 10 20; do
    lrun -M "-gpu" -N 2 -T 1 -g 1 --gpubind=off hpcrun -t -e CPUTIME@f99 -e gpu=nvidia@f99 -o hpctoolkit-measurements ${PINGPONGBIN} $i 1000 4 0 0 #--kokkos-num-devices=2
#    lrun -M "-gpu" -N 2 -T 1 -g 1 --gpubind=off hpcrun -t -e CPUTIME@f99 -e gpu=nvidia@f99 -o hpctoolkit-measurements ${PINGPONGBIN} $i 1000 4 1 0 --kokkos-num-devices=2
#    lrun -M "-gpu" -N 2 -T 1 -g 1 --gpubind=off hpcrun -t -e CPUTIME@f99 -e gpu=nvidia@f99 -o hpctoolkit-measurements ${PINGPONGBIN} $i 1000 4 2 0 --kokkos-num-devices=2
#    lrun -M "-gpu" -N 2 -T 1 -g 1 --gpubind=off hpcrun -t -e CPUTIME@f99 -e gpu=nvidia@f99 -o hpctoolkit-measurements ${PINGPONGBIN} $i 1000 4 0 1 --kokkos-num-devices=2
#    lrun -M "-gpu" -N 2 -T 1 -g 1 --gpubind=off hpcrun -t -e CPUTIME@f99 -e gpu=nvidia@f99 -o hpctoolkit-measurements ${PINGPONGBIN} $i 1000 4 1 1 --kokkos-num-devices=2
#    lrun -M "-gpu" -N 2 -T 1 -g 1 --gpubind=off hpcrun -t -e CPUTIME@f99 -e gpu=nvidia@f99 -o hpctoolkit-measurements ${PINGPONGBIN} $i 1000 4 2 1 --kokkos-num-devices=2
#    lrun -M "-gpu" -N 2 -T 1 -g 1 --gpubind=off hpcrun -t -e CPUTIME@f99 -e gpu=nvidia@f99 -o hpctoolkit-measurements ${PINGPONGBIN} $i 1000 4 0 2 --kokkos-num-devices=2
#    lrun -M "-gpu" -N 2 -T 1 -g 1 --gpubind=off hpcrun -t -e CPUTIME@f99 -e gpu=nvidia@f99 -o hpctoolkit-measurements ${PINGPONGBIN} $i 1000 4 1 2 --kokkos-num-devices=2
#    lrun -M "-gpu" -N 2 -T 1 -g 1 --gpubind=off hpcrun -t -e CPUTIME@f99 -e gpu=nvidia@f99 -o hpctoolkit-measurements ${PINGPONGBIN} $i 1000 4 2 2 --kokkos-num-devices=2
done
hpcstruct -o bin.struct ${PINGPONGBIN}
#lrun -N16 -T4 hpcprof-mpi --metric-db yes -S ./bin.struct -I ~/workspace/cup-ecs-fiesta/src ./hpctoolkit-measurements

#rm -f *sol-*h5*
#rm -f *sol-*xmf
#rm -f *sol-*lock

mv ${TESTDIR} ${OUTDIR}

(... more ...)
------------------------------------------------------------

TERM_OWNER: job killed by owner.
Exited with exit code 255.

Resource usage summary:

    CPU time :                                   0.86 sec.
    Max Memory :                                 59 MB
    Average Memory :                             59.00 MB
    Total Requested Memory :                     -
    Delta Memory :                               -
    Max Swap :                                   1425 MB
    Max Processes :                              4
    Max Threads :                                27
    Run time :                                   247 sec.
    Turnaround time :                            251 sec.

The output (if any) is above this job summary.



PS:

Read file <log.3089928.err> for stderr output of this job.

