Performing C SOURCE FILE Test CMAKE_HAVE_LIBC_PTHREAD failed with the following output:
Change Dir: /g/g15/haskins8/CUP-ECS/ping-pong-gpu/build-mvapich2/CMakeFiles/CMakeTmp

Run Build Command(s):/usr/tcetmp/bin/gmake -f Makefile cmTC_5f90e/fast && /usr/tcetmp/bin/gmake  -f CMakeFiles/cmTC_5f90e.dir/build.make CMakeFiles/cmTC_5f90e.dir/build
gmake[1]: Entering directory '/g/g15/haskins8/CUP-ECS/ping-pong-gpu/build-mvapich2/CMakeFiles/CMakeTmp'
Building C object CMakeFiles/cmTC_5f90e.dir/src.c.o
/usr/tce/packages/mvapich2/mvapich2-2021.05.28-cuda-11.1.1-gcc-8.3.1/bin/mpicc -DCMAKE_HAVE_LIBC_PTHREAD   -o CMakeFiles/cmTC_5f90e.dir/src.c.o -c /g/g15/haskins8/CUP-ECS/ping-pong-gpu/build-mvapich2/CMakeFiles/CMakeTmp/src.c
Linking C executable cmTC_5f90e
/usr/tce/packages/cmake/cmake-3.20.2/bin/cmake -E cmake_link_script CMakeFiles/cmTC_5f90e.dir/link.txt --verbose=1
/usr/tce/packages/mvapich2/mvapich2-2021.05.28-cuda-11.1.1-gcc-8.3.1/bin/mpicc CMakeFiles/cmTC_5f90e.dir/src.c.o -o cmTC_5f90e 
/usr/tce/packages/gcc/gcc-8.3.1/rh/usr/bin/../libexec/gcc/ppc64le-redhat-linux/8/ld: CMakeFiles/cmTC_5f90e.dir/src.c.o: undefined reference to symbol 'pthread_join@@GLIBC_2.17'
//lib64/libpthread.so.0: error adding symbols: DSO missing from command line
collect2: error: ld returned 1 exit status
gmake[1]: *** [CMakeFiles/cmTC_5f90e.dir/build.make:99: cmTC_5f90e] Error 1
gmake[1]: Leaving directory '/g/g15/haskins8/CUP-ECS/ping-pong-gpu/build-mvapich2/CMakeFiles/CMakeTmp'
gmake: *** [Makefile:127: cmTC_5f90e/fast] Error 2


Source file was:
#include <pthread.h>

static void* test_func(void* data)
{
  return data;
}

int main(void)
{
  pthread_t thread;
  pthread_create(&thread, NULL, test_func, NULL);
  pthread_detach(thread);
  pthread_cancel(thread);
  pthread_join(thread, NULL);
  pthread_atfork(NULL, NULL, NULL);
  pthread_exit(NULL);

  return 0;
}

Determining if the function pthread_create exists in the pthreads failed with the following output:
Change Dir: /g/g15/haskins8/CUP-ECS/ping-pong-gpu/build-mvapich2/CMakeFiles/CMakeTmp

Run Build Command(s):/usr/tcetmp/bin/gmake -f Makefile cmTC_40949/fast && /usr/tcetmp/bin/gmake  -f CMakeFiles/cmTC_40949.dir/build.make CMakeFiles/cmTC_40949.dir/build
gmake[1]: Entering directory '/g/g15/haskins8/CUP-ECS/ping-pong-gpu/build-mvapich2/CMakeFiles/CMakeTmp'
Building C object CMakeFiles/cmTC_40949.dir/CheckFunctionExists.c.o
/usr/tce/packages/mvapich2/mvapich2-2021.05.28-cuda-11.1.1-gcc-8.3.1/bin/mpicc   -DCHECK_FUNCTION_EXISTS=pthread_create -o CMakeFiles/cmTC_40949.dir/CheckFunctionExists.c.o -c /usr/tce/packages/cmake/cmake-3.20.2/share/cmake/Modules/CheckFunctionExists.c
Linking C executable cmTC_40949
/usr/tce/packages/cmake/cmake-3.20.2/bin/cmake -E cmake_link_script CMakeFiles/cmTC_40949.dir/link.txt --verbose=1
/usr/tce/packages/mvapich2/mvapich2-2021.05.28-cuda-11.1.1-gcc-8.3.1/bin/mpicc  -DCHECK_FUNCTION_EXISTS=pthread_create CMakeFiles/cmTC_40949.dir/CheckFunctionExists.c.o -o cmTC_40949  -lpthreads 
/usr/tce/packages/gcc/gcc-8.3.1/rh/usr/bin/../libexec/gcc/ppc64le-redhat-linux/8/ld: cannot find -lpthreads
collect2: error: ld returned 1 exit status
gmake[1]: *** [CMakeFiles/cmTC_40949.dir/build.make:99: cmTC_40949] Error 1
gmake[1]: Leaving directory '/g/g15/haskins8/CUP-ECS/ping-pong-gpu/build-mvapich2/CMakeFiles/CMakeTmp'
gmake: *** [Makefile:127: cmTC_40949/fast] Error 2



Performing C++ SOURCE FILE Test CXX_HAS_MARCH failed with the following output:
Change Dir: /g/g15/haskins8/CUP-ECS/ping-pong-gpu/build-mvapich2/CMakeFiles/CMakeTmp

Run Build Command(s):/usr/tcetmp/bin/gmake -f Makefile cmTC_66fc5/fast && /usr/tcetmp/bin/gmake  -f CMakeFiles/cmTC_66fc5.dir/build.make CMakeFiles/cmTC_66fc5.dir/build
gmake[1]: Entering directory '/g/g15/haskins8/CUP-ECS/ping-pong-gpu/build-mvapich2/CMakeFiles/CMakeTmp'
Building CXX object CMakeFiles/cmTC_66fc5.dir/src.cxx.o
/g/g15/haskins8/spack/var/spack/environments/mvapich-gcc8/.spack-env/view/bin/nvcc_wrapper  -ccbin mpicxx -DCXX_HAS_MARCH  -DMPICH_SKIP_MPICXX    -march=native -std=c++17 -o CMakeFiles/cmTC_66fc5.dir/src.cxx.o -c /g/g15/haskins8/CUP-ECS/ping-pong-gpu/build-mvapich2/CMakeFiles/CMakeTmp/src.cxx
nvcc warning : The 'compute_35', 'compute_37', 'compute_50', 'sm_35', 'sm_37' and 'sm_50' architectures are deprecated, and may be removed in a future release (Use -Wno-deprecated-gpu-targets to suppress warning).
g++: error: unrecognized command line option '-march=native'; did you mean '-mcpu=native'?
gmake[1]: *** [CMakeFiles/cmTC_66fc5.dir/build.make:78: CMakeFiles/cmTC_66fc5.dir/src.cxx.o] Error 1
gmake[1]: Leaving directory '/g/g15/haskins8/CUP-ECS/ping-pong-gpu/build-mvapich2/CMakeFiles/CMakeTmp'
gmake: *** [Makefile:127: cmTC_66fc5/fast] Error 2


Source file was:
int main() { return 0; }
