The system is: Linux - 5.11.15-arch1-2 - x86_64
Compiling the CXX compiler identification source file "CMakeCXXCompilerId.cpp" succeeded.
Compiler: /usr/bin/c++ 
Build flags: 
Id flags:  

The output was:
0


Compilation of the CXX compiler identification source "CMakeCXXCompilerId.cpp" produced "a.out"

The CXX compiler identification is GNU, found in "/home/ghostbird/Hacking/黒澤玲/ping-pong-gpu/build/CMakeFiles/3.20.1/CompilerIdCXX/a.out"

Compiling the C compiler identification source file "CMakeCCompilerId.c" succeeded.
Compiler: /usr/bin/cc 
Build flags: 
Id flags:  

The output was:
0


Compilation of the C compiler identification source "CMakeCCompilerId.c" produced "a.out"

The C compiler identification is GNU, found in "/home/ghostbird/Hacking/黒澤玲/ping-pong-gpu/build/CMakeFiles/3.20.1/CompilerIdC/a.out"

Compiling the Fortran compiler identification source file "CMakeFortranCompilerId.F" succeeded.
Compiler: /usr/bin/gfortran 
Build flags: 
Id flags: -v 

The output was:
0
Driving: /usr/bin/gfortran -v CMakeFortranCompilerId.F -l gfortran -l m -shared-libgcc
Using built-in specs.
COLLECT_GCC=/usr/bin/gfortran
COLLECT_LTO_WRAPPER=/usr/lib/gcc/x86_64-pc-linux-gnu/10.2.0/lto-wrapper
Target: x86_64-pc-linux-gnu
Configured with: /build/gcc/src/gcc/configure --prefix=/usr --libdir=/usr/lib --libexecdir=/usr/lib --mandir=/usr/share/man --infodir=/usr/share/info --with-bugurl=https://bugs.archlinux.org/ --enable-languages=c,c++,ada,fortran,go,lto,objc,obj-c++,d --with-isl --with-linker-hash-style=gnu --with-system-zlib --enable-__cxa_atexit --enable-cet=auto --enable-checking=release --enable-clocale=gnu --enable-default-pie --enable-default-ssp --enable-gnu-indirect-function --enable-gnu-unique-object --enable-install-libiberty --enable-linker-build-id --enable-lto --enable-multilib --enable-plugin --enable-shared --enable-threads=posix --disable-libssp --disable-libstdcxx-pch --disable-libunwind-exceptions --disable-werror gdc_include_dir=/usr/include/dlang/gdc
Thread model: posix
Supported LTO compression algorithms: zlib zstd
gcc version 10.2.0 (GCC) 
COLLECT_GCC_OPTIONS='-v' '-shared-libgcc' '-mtune=generic' '-march=x86-64'
 /usr/lib/gcc/x86_64-pc-linux-gnu/10.2.0/f951 CMakeFortranCompilerId.F -ffixed-form -cpp=/tmp/ccyTgk8F.f90 -quiet -v CMakeFortranCompilerId.F -quiet -dumpbase CMakeFortranCompilerId.F -mtune=generic -march=x86-64 -auxbase CMakeFortranCompilerId -version -fintrinsic-modules-path /usr/lib/gcc/x86_64-pc-linux-gnu/10.2.0/finclude -fpre-include=/usr/include/finclude/math-vector-fortran.h -o /tmp/ccyq5827.s
GNU Fortran (GCC) version 10.2.0 (x86_64-pc-linux-gnu)
	compiled by GNU C version 10.2.0, GMP version 6.2.1, MPFR version 4.1.0, MPC version 1.2.1, isl version isl-0.21-GMP

GGC heuristics: --param ggc-min-expand=100 --param ggc-min-heapsize=131072
ignoring nonexistent directory "/usr/lib/gcc/x86_64-pc-linux-gnu/10.2.0/../../../../x86_64-pc-linux-gnu/include"
#include "..." search starts here:
#include <...> search starts here:
 /usr/lib/gcc/x86_64-pc-linux-gnu/10.2.0/finclude
 /usr/lib/gcc/x86_64-pc-linux-gnu/10.2.0/include
 /usr/local/include
 /usr/lib/gcc/x86_64-pc-linux-gnu/10.2.0/include-fixed
 /usr/include
End of search list.
GNU Fortran2008 (GCC) version 10.2.0 (x86_64-pc-linux-gnu)
	compiled by GNU C version 10.2.0, GMP version 6.2.1, MPFR version 4.1.0, MPC version 1.2.1, isl version isl-0.21-GMP

GGC heuristics: --param ggc-min-expand=100 --param ggc-min-heapsize=131072
COLLECT_GCC_OPTIONS='-v' '-shared-libgcc' '-mtune=generic' '-march=x86-64'
 as -v --64 -o /tmp/cc5cI75h.o /tmp/ccyq5827.s
GNU assembler version 2.36.1 (x86_64-pc-linux-gnu) using BFD version (GNU Binutils) 2.36.1
Reading specs from /usr/lib/gcc/x86_64-pc-linux-gnu/10.2.0/../../../../lib/libgfortran.spec
rename spec lib to liborig
COLLECT_GCC_OPTIONS='-v' '-shared-libgcc' '-mtune=generic' '-march=x86-64'
COMPILER_PATH=/usr/lib/gcc/x86_64-pc-linux-gnu/10.2.0/:/usr/lib/gcc/x86_64-pc-linux-gnu/10.2.0/:/usr/lib/gcc/x86_64-pc-linux-gnu/:/usr/lib/gcc/x86_64-pc-linux-gnu/10.2.0/:/usr/lib/gcc/x86_64-pc-linux-gnu/
LIBRARY_PATH=/usr/lib/gcc/x86_64-pc-linux-gnu/10.2.0/:/usr/lib/gcc/x86_64-pc-linux-gnu/10.2.0/../../../../lib/:/lib/../lib/:/usr/lib/../lib/:/usr/lib/gcc/x86_64-pc-linux-gnu/10.2.0/../../../:/lib/:/usr/lib/
COLLECT_GCC_OPTIONS='-v' '-shared-libgcc' '-mtune=generic' '-march=x86-64'
 /usr/lib/gcc/x86_64-pc-linux-gnu/10.2.0/collect2 -plugin /usr/lib/gcc/x86_64-pc-linux-gnu/10.2.0/liblto_plugin.so -plugin-opt=/usr/lib/gcc/x86_64-pc-linux-gnu/10.2.0/lto-wrapper -plugin-opt=-fresolution=/tmp/ccQPqgHr.res -plugin-opt=-pass-through=-lgcc_s -plugin-opt=-pass-through=-lgcc -plugin-opt=-pass-through=-lquadmath -plugin-opt=-pass-through=-lm -plugin-opt=-pass-through=-lgcc_s -plugin-opt=-pass-through=-lgcc -plugin-opt=-pass-through=-lc -plugin-opt=-pass-through=-lgcc_s -plugin-opt=-pass-through=-lgcc --build-id --eh-frame-hdr --hash-style=gnu -m elf_x86_64 -dynamic-linker /lib64/ld-linux-x86-64.so.2 -pie /usr/lib/gcc/x86_64-pc-linux-gnu/10.2.0/../../../../lib/Scrt1.o /usr/lib/gcc/x86_64-pc-linux-gnu/10.2.0/../../../../lib/crti.o /usr/lib/gcc/x86_64-pc-linux-gnu/10.2.0/crtbeginS.o -L/usr/lib/gcc/x86_64-pc-linux-gnu/10.2.0 -L/usr/lib/gcc/x86_64-pc-linux-gnu/10.2.0/../../../../lib -L/lib/../lib -L/usr/lib/../lib -L/usr/lib/gcc/x86_64-pc-linux-gnu/10.2.0/../../.. /tmp/cc5cI75h.o -lgfortran -lm -lgcc_s -lgcc -lquadmath -lm -lgcc_s -lgcc -lc -lgcc_s -lgcc /usr/lib/gcc/x86_64-pc-linux-gnu/10.2.0/crtendS.o /usr/lib/gcc/x86_64-pc-linux-gnu/10.2.0/../../../../lib/crtn.o
COLLECT_GCC_OPTIONS='-v' '-shared-libgcc' '-mtune=generic' '-march=x86-64'


Compilation of the Fortran compiler identification source "CMakeFortranCompilerId.F" produced "a.out"

The Fortran compiler identification is GNU, found in "/home/ghostbird/Hacking/黒澤玲/ping-pong-gpu/build/CMakeFiles/3.20.1/CompilerIdFortran/a.out"

Detecting CXX compiler ABI info compiled with the following output:
Change Dir: /home/ghostbird/Hacking/黒澤玲/ping-pong-gpu/build/CMakeFiles/CMakeTmp

Run Build Command(s):/usr/bin/make -f Makefile cmTC_1e3d8/fast && /usr/bin/make  -f CMakeFiles/cmTC_1e3d8.dir/build.make CMakeFiles/cmTC_1e3d8.dir/build
make[1]: Entering directory '/home/ghostbird/Hacking/黒澤玲/ping-pong-gpu/build/CMakeFiles/CMakeTmp'
Building CXX object CMakeFiles/cmTC_1e3d8.dir/CMakeCXXCompilerABI.cpp.o
/usr/bin/c++   -v -o CMakeFiles/cmTC_1e3d8.dir/CMakeCXXCompilerABI.cpp.o -c /usr/share/cmake-3.20/Modules/CMakeCXXCompilerABI.cpp
Using built-in specs.
COLLECT_GCC=/usr/bin/c++
Target: x86_64-pc-linux-gnu
Configured with: /build/gcc/src/gcc/configure --prefix=/usr --libdir=/usr/lib --libexecdir=/usr/lib --mandir=/usr/share/man --infodir=/usr/share/info --with-bugurl=https://bugs.archlinux.org/ --enable-languages=c,c++,ada,fortran,go,lto,objc,obj-c++,d --with-isl --with-linker-hash-style=gnu --with-system-zlib --enable-__cxa_atexit --enable-cet=auto --enable-checking=release --enable-clocale=gnu --enable-default-pie --enable-default-ssp --enable-gnu-indirect-function --enable-gnu-unique-object --enable-install-libiberty --enable-linker-build-id --enable-lto --enable-multilib --enable-plugin --enable-shared --enable-threads=posix --disable-libssp --disable-libstdcxx-pch --disable-libunwind-exceptions --disable-werror gdc_include_dir=/usr/include/dlang/gdc
Thread model: posix
Supported LTO compression algorithms: zlib zstd
gcc version 10.2.0 (GCC) 
COLLECT_GCC_OPTIONS='-v' '-o' 'CMakeFiles/cmTC_1e3d8.dir/CMakeCXXCompilerABI.cpp.o' '-c' '-shared-libgcc' '-mtune=generic' '-march=x86-64'
 /usr/lib/gcc/x86_64-pc-linux-gnu/10.2.0/cc1plus -quiet -v -D_GNU_SOURCE /usr/share/cmake-3.20/Modules/CMakeCXXCompilerABI.cpp -quiet -dumpbase CMakeCXXCompilerABI.cpp -mtune=generic -march=x86-64 -auxbase-strip CMakeFiles/cmTC_1e3d8.dir/CMakeCXXCompilerABI.cpp.o -version -o /tmp/ccu1tZnM.s
GNU C++14 (GCC) version 10.2.0 (x86_64-pc-linux-gnu)
	compiled by GNU C version 10.2.0, GMP version 6.2.1, MPFR version 4.1.0, MPC version 1.2.1, isl version isl-0.21-GMP

GGC heuristics: --param ggc-min-expand=100 --param ggc-min-heapsize=131072
ignoring nonexistent directory "/usr/lib/gcc/x86_64-pc-linux-gnu/10.2.0/../../../../x86_64-pc-linux-gnu/include"
#include "..." search starts here:
#include <...> search starts here:
 /usr/lib/gcc/x86_64-pc-linux-gnu/10.2.0/../../../../include/c++/10.2.0
 /usr/lib/gcc/x86_64-pc-linux-gnu/10.2.0/../../../../include/c++/10.2.0/x86_64-pc-linux-gnu
 /usr/lib/gcc/x86_64-pc-linux-gnu/10.2.0/../../../../include/c++/10.2.0/backward
 /usr/lib/gcc/x86_64-pc-linux-gnu/10.2.0/include
 /usr/local/include
 /usr/lib/gcc/x86_64-pc-linux-gnu/10.2.0/include-fixed
 /usr/include
End of search list.
GNU C++14 (GCC) version 10.2.0 (x86_64-pc-linux-gnu)
	compiled by GNU C version 10.2.0, GMP version 6.2.1, MPFR version 4.1.0, MPC version 1.2.1, isl version isl-0.21-GMP

GGC heuristics: --param ggc-min-expand=100 --param ggc-min-heapsize=131072
Compiler executable checksum: f27fb68878a84470810fd2057eccecc9
COLLECT_GCC_OPTIONS='-v' '-o' 'CMakeFiles/cmTC_1e3d8.dir/CMakeCXXCompilerABI.cpp.o' '-c' '-shared-libgcc' '-mtune=generic' '-march=x86-64'
 as -v --64 -o CMakeFiles/cmTC_1e3d8.dir/CMakeCXXCompilerABI.cpp.o /tmp/ccu1tZnM.s
GNU assembler version 2.36.1 (x86_64-pc-linux-gnu) using BFD version (GNU Binutils) 2.36.1
COMPILER_PATH=/usr/lib/gcc/x86_64-pc-linux-gnu/10.2.0/:/usr/lib/gcc/x86_64-pc-linux-gnu/10.2.0/:/usr/lib/gcc/x86_64-pc-linux-gnu/:/usr/lib/gcc/x86_64-pc-linux-gnu/10.2.0/:/usr/lib/gcc/x86_64-pc-linux-gnu/
LIBRARY_PATH=/usr/lib/gcc/x86_64-pc-linux-gnu/10.2.0/:/usr/lib/gcc/x86_64-pc-linux-gnu/10.2.0/../../../../lib/:/lib/../lib/:/usr/lib/../lib/:/usr/lib/gcc/x86_64-pc-linux-gnu/10.2.0/../../../:/lib/:/usr/lib/
COLLECT_GCC_OPTIONS='-v' '-o' 'CMakeFiles/cmTC_1e3d8.dir/CMakeCXXCompilerABI.cpp.o' '-c' '-shared-libgcc' '-mtune=generic' '-march=x86-64'
Linking CXX executable cmTC_1e3d8
/usr/bin/cmake -E cmake_link_script CMakeFiles/cmTC_1e3d8.dir/link.txt --verbose=1
/usr/bin/c++  -v CMakeFiles/cmTC_1e3d8.dir/CMakeCXXCompilerABI.cpp.o -o cmTC_1e3d8 
Using built-in specs.
COLLECT_GCC=/usr/bin/c++
COLLECT_LTO_WRAPPER=/usr/lib/gcc/x86_64-pc-linux-gnu/10.2.0/lto-wrapper
Target: x86_64-pc-linux-gnu
Configured with: /build/gcc/src/gcc/configure --prefix=/usr --libdir=/usr/lib --libexecdir=/usr/lib --mandir=/usr/share/man --infodir=/usr/share/info --with-bugurl=https://bugs.archlinux.org/ --enable-languages=c,c++,ada,fortran,go,lto,objc,obj-c++,d --with-isl --with-linker-hash-style=gnu --with-system-zlib --enable-__cxa_atexit --enable-cet=auto --enable-checking=release --enable-clocale=gnu --enable-default-pie --enable-default-ssp --enable-gnu-indirect-function --enable-gnu-unique-object --enable-install-libiberty --enable-linker-build-id --enable-lto --enable-multilib --enable-plugin --enable-shared --enable-threads=posix --disable-libssp --disable-libstdcxx-pch --disable-libunwind-exceptions --disable-werror gdc_include_dir=/usr/include/dlang/gdc
Thread model: posix
Supported LTO compression algorithms: zlib zstd
gcc version 10.2.0 (GCC) 
COMPILER_PATH=/usr/lib/gcc/x86_64-pc-linux-gnu/10.2.0/:/usr/lib/gcc/x86_64-pc-linux-gnu/10.2.0/:/usr/lib/gcc/x86_64-pc-linux-gnu/:/usr/lib/gcc/x86_64-pc-linux-gnu/10.2.0/:/usr/lib/gcc/x86_64-pc-linux-gnu/
LIBRARY_PATH=/usr/lib/gcc/x86_64-pc-linux-gnu/10.2.0/:/usr/lib/gcc/x86_64-pc-linux-gnu/10.2.0/../../../../lib/:/lib/../lib/:/usr/lib/../lib/:/usr/lib/gcc/x86_64-pc-linux-gnu/10.2.0/../../../:/lib/:/usr/lib/
COLLECT_GCC_OPTIONS='-v' '-o' 'cmTC_1e3d8' '-shared-libgcc' '-mtune=generic' '-march=x86-64'
 /usr/lib/gcc/x86_64-pc-linux-gnu/10.2.0/collect2 -plugin /usr/lib/gcc/x86_64-pc-linux-gnu/10.2.0/liblto_plugin.so -plugin-opt=/usr/lib/gcc/x86_64-pc-linux-gnu/10.2.0/lto-wrapper -plugin-opt=-fresolution=/tmp/ccAJCXmb.res -plugin-opt=-pass-through=-lgcc_s -plugin-opt=-pass-through=-lgcc -plugin-opt=-pass-through=-lc -plugin-opt=-pass-through=-lgcc_s -plugin-opt=-pass-through=-lgcc --build-id --eh-frame-hdr --hash-style=gnu -m elf_x86_64 -dynamic-linker /lib64/ld-linux-x86-64.so.2 -pie -o cmTC_1e3d8 /usr/lib/gcc/x86_64-pc-linux-gnu/10.2.0/../../../../lib/Scrt1.o /usr/lib/gcc/x86_64-pc-linux-gnu/10.2.0/../../../../lib/crti.o /usr/lib/gcc/x86_64-pc-linux-gnu/10.2.0/crtbeginS.o -L/usr/lib/gcc/x86_64-pc-linux-gnu/10.2.0 -L/usr/lib/gcc/x86_64-pc-linux-gnu/10.2.0/../../../../lib -L/lib/../lib -L/usr/lib/../lib -L/usr/lib/gcc/x86_64-pc-linux-gnu/10.2.0/../../.. CMakeFiles/cmTC_1e3d8.dir/CMakeCXXCompilerABI.cpp.o -lstdc++ -lm -lgcc_s -lgcc -lc -lgcc_s -lgcc /usr/lib/gcc/x86_64-pc-linux-gnu/10.2.0/crtendS.o /usr/lib/gcc/x86_64-pc-linux-gnu/10.2.0/../../../../lib/crtn.o
COLLECT_GCC_OPTIONS='-v' '-o' 'cmTC_1e3d8' '-shared-libgcc' '-mtune=generic' '-march=x86-64'
make[1]: Leaving directory '/home/ghostbird/Hacking/黒澤玲/ping-pong-gpu/build/CMakeFiles/CMakeTmp'



Parsed CXX implicit include dir info from above output: rv=done
  found start of include info
  found start of implicit include info
    add: [/usr/lib/gcc/x86_64-pc-linux-gnu/10.2.0/../../../../include/c++/10.2.0]
    add: [/usr/lib/gcc/x86_64-pc-linux-gnu/10.2.0/../../../../include/c++/10.2.0/x86_64-pc-linux-gnu]
    add: [/usr/lib/gcc/x86_64-pc-linux-gnu/10.2.0/../../../../include/c++/10.2.0/backward]
    add: [/usr/lib/gcc/x86_64-pc-linux-gnu/10.2.0/include]
    add: [/usr/local/include]
    add: [/usr/lib/gcc/x86_64-pc-linux-gnu/10.2.0/include-fixed]
    add: [/usr/include]
  end of search list found
  collapse include dir [/usr/lib/gcc/x86_64-pc-linux-gnu/10.2.0/../../../../include/c++/10.2.0] ==> [/usr/include/c++/10.2.0]
  collapse include dir [/usr/lib/gcc/x86_64-pc-linux-gnu/10.2.0/../../../../include/c++/10.2.0/x86_64-pc-linux-gnu] ==> [/usr/include/c++/10.2.0/x86_64-pc-linux-gnu]
  collapse include dir [/usr/lib/gcc/x86_64-pc-linux-gnu/10.2.0/../../../../include/c++/10.2.0/backward] ==> [/usr/include/c++/10.2.0/backward]
  collapse include dir [/usr/lib/gcc/x86_64-pc-linux-gnu/10.2.0/include] ==> [/usr/lib/gcc/x86_64-pc-linux-gnu/10.2.0/include]
  collapse include dir [/usr/local/include] ==> [/usr/local/include]
  collapse include dir [/usr/lib/gcc/x86_64-pc-linux-gnu/10.2.0/include-fixed] ==> [/usr/lib/gcc/x86_64-pc-linux-gnu/10.2.0/include-fixed]
  collapse include dir [/usr/include] ==> [/usr/include]
  implicit include dirs: [/usr/include/c++/10.2.0;/usr/include/c++/10.2.0/x86_64-pc-linux-gnu;/usr/include/c++/10.2.0/backward;/usr/lib/gcc/x86_64-pc-linux-gnu/10.2.0/include;/usr/local/include;/usr/lib/gcc/x86_64-pc-linux-gnu/10.2.0/include-fixed;/usr/include]


Parsed CXX implicit link information from above output:
  link line regex: [^( *|.*[/\])(ld|CMAKE_LINK_STARTFILE-NOTFOUND|([^/\]+-)?ld|collect2)[^/\]*( |$)]
  ignore line: [Change Dir: /home/ghostbird/Hacking/黒澤玲/ping-pong-gpu/build/CMakeFiles/CMakeTmp]
  ignore line: []
  ignore line: [Run Build Command(s):/usr/bin/make -f Makefile cmTC_1e3d8/fast && /usr/bin/make  -f CMakeFiles/cmTC_1e3d8.dir/build.make CMakeFiles/cmTC_1e3d8.dir/build]
  ignore line: [make[1]: Entering directory '/home/ghostbird/Hacking/黒澤玲/ping-pong-gpu/build/CMakeFiles/CMakeTmp']
  ignore line: [Building CXX object CMakeFiles/cmTC_1e3d8.dir/CMakeCXXCompilerABI.cpp.o]
  ignore line: [/usr/bin/c++   -v -o CMakeFiles/cmTC_1e3d8.dir/CMakeCXXCompilerABI.cpp.o -c /usr/share/cmake-3.20/Modules/CMakeCXXCompilerABI.cpp]
  ignore line: [Using built-in specs.]
  ignore line: [COLLECT_GCC=/usr/bin/c++]
  ignore line: [Target: x86_64-pc-linux-gnu]
  ignore line: [Configured with: /build/gcc/src/gcc/configure --prefix=/usr --libdir=/usr/lib --libexecdir=/usr/lib --mandir=/usr/share/man --infodir=/usr/share/info --with-bugurl=https://bugs.archlinux.org/ --enable-languages=c c++ ada fortran go lto objc obj-c++ d --with-isl --with-linker-hash-style=gnu --with-system-zlib --enable-__cxa_atexit --enable-cet=auto --enable-checking=release --enable-clocale=gnu --enable-default-pie --enable-default-ssp --enable-gnu-indirect-function --enable-gnu-unique-object --enable-install-libiberty --enable-linker-build-id --enable-lto --enable-multilib --enable-plugin --enable-shared --enable-threads=posix --disable-libssp --disable-libstdcxx-pch --disable-libunwind-exceptions --disable-werror gdc_include_dir=/usr/include/dlang/gdc]
  ignore line: [Thread model: posix]
  ignore line: [Supported LTO compression algorithms: zlib zstd]
  ignore line: [gcc version 10.2.0 (GCC) ]
  ignore line: [COLLECT_GCC_OPTIONS='-v' '-o' 'CMakeFiles/cmTC_1e3d8.dir/CMakeCXXCompilerABI.cpp.o' '-c' '-shared-libgcc' '-mtune=generic' '-march=x86-64']
  ignore line: [ /usr/lib/gcc/x86_64-pc-linux-gnu/10.2.0/cc1plus -quiet -v -D_GNU_SOURCE /usr/share/cmake-3.20/Modules/CMakeCXXCompilerABI.cpp -quiet -dumpbase CMakeCXXCompilerABI.cpp -mtune=generic -march=x86-64 -auxbase-strip CMakeFiles/cmTC_1e3d8.dir/CMakeCXXCompilerABI.cpp.o -version -o /tmp/ccu1tZnM.s]
  ignore line: [GNU C++14 (GCC) version 10.2.0 (x86_64-pc-linux-gnu)]
  ignore line: [	compiled by GNU C version 10.2.0  GMP version 6.2.1  MPFR version 4.1.0  MPC version 1.2.1  isl version isl-0.21-GMP]
  ignore line: []
  ignore line: [GGC heuristics: --param ggc-min-expand=100 --param ggc-min-heapsize=131072]
  ignore line: [ignoring nonexistent directory "/usr/lib/gcc/x86_64-pc-linux-gnu/10.2.0/../../../../x86_64-pc-linux-gnu/include"]
  ignore line: [#include "..." search starts here:]
  ignore line: [#include <...> search starts here:]
  ignore line: [ /usr/lib/gcc/x86_64-pc-linux-gnu/10.2.0/../../../../include/c++/10.2.0]
  ignore line: [ /usr/lib/gcc/x86_64-pc-linux-gnu/10.2.0/../../../../include/c++/10.2.0/x86_64-pc-linux-gnu]
  ignore line: [ /usr/lib/gcc/x86_64-pc-linux-gnu/10.2.0/../../../../include/c++/10.2.0/backward]
  ignore line: [ /usr/lib/gcc/x86_64-pc-linux-gnu/10.2.0/include]
  ignore line: [ /usr/local/include]
  ignore line: [ /usr/lib/gcc/x86_64-pc-linux-gnu/10.2.0/include-fixed]
  ignore line: [ /usr/include]
  ignore line: [End of search list.]
  ignore line: [GNU C++14 (GCC) version 10.2.0 (x86_64-pc-linux-gnu)]
  ignore line: [	compiled by GNU C version 10.2.0  GMP version 6.2.1  MPFR version 4.1.0  MPC version 1.2.1  isl version isl-0.21-GMP]
  ignore line: []
  ignore line: [GGC heuristics: --param ggc-min-expand=100 --param ggc-min-heapsize=131072]
  ignore line: [Compiler executable checksum: f27fb68878a84470810fd2057eccecc9]
  ignore line: [COLLECT_GCC_OPTIONS='-v' '-o' 'CMakeFiles/cmTC_1e3d8.dir/CMakeCXXCompilerABI.cpp.o' '-c' '-shared-libgcc' '-mtune=generic' '-march=x86-64']
  ignore line: [ as -v --64 -o CMakeFiles/cmTC_1e3d8.dir/CMakeCXXCompilerABI.cpp.o /tmp/ccu1tZnM.s]
  ignore line: [GNU assembler version 2.36.1 (x86_64-pc-linux-gnu) using BFD version (GNU Binutils) 2.36.1]
  ignore line: [COMPILER_PATH=/usr/lib/gcc/x86_64-pc-linux-gnu/10.2.0/:/usr/lib/gcc/x86_64-pc-linux-gnu/10.2.0/:/usr/lib/gcc/x86_64-pc-linux-gnu/:/usr/lib/gcc/x86_64-pc-linux-gnu/10.2.0/:/usr/lib/gcc/x86_64-pc-linux-gnu/]
  ignore line: [LIBRARY_PATH=/usr/lib/gcc/x86_64-pc-linux-gnu/10.2.0/:/usr/lib/gcc/x86_64-pc-linux-gnu/10.2.0/../../../../lib/:/lib/../lib/:/usr/lib/../lib/:/usr/lib/gcc/x86_64-pc-linux-gnu/10.2.0/../../../:/lib/:/usr/lib/]
  ignore line: [COLLECT_GCC_OPTIONS='-v' '-o' 'CMakeFiles/cmTC_1e3d8.dir/CMakeCXXCompilerABI.cpp.o' '-c' '-shared-libgcc' '-mtune=generic' '-march=x86-64']
  ignore line: [Linking CXX executable cmTC_1e3d8]
  ignore line: [/usr/bin/cmake -E cmake_link_script CMakeFiles/cmTC_1e3d8.dir/link.txt --verbose=1]
  ignore line: [/usr/bin/c++  -v CMakeFiles/cmTC_1e3d8.dir/CMakeCXXCompilerABI.cpp.o -o cmTC_1e3d8 ]
  ignore line: [Using built-in specs.]
  ignore line: [COLLECT_GCC=/usr/bin/c++]
  ignore line: [COLLECT_LTO_WRAPPER=/usr/lib/gcc/x86_64-pc-linux-gnu/10.2.0/lto-wrapper]
  ignore line: [Target: x86_64-pc-linux-gnu]
  ignore line: [Configured with: /build/gcc/src/gcc/configure --prefix=/usr --libdir=/usr/lib --libexecdir=/usr/lib --mandir=/usr/share/man --infodir=/usr/share/info --with-bugurl=https://bugs.archlinux.org/ --enable-languages=c c++ ada fortran go lto objc obj-c++ d --with-isl --with-linker-hash-style=gnu --with-system-zlib --enable-__cxa_atexit --enable-cet=auto --enable-checking=release --enable-clocale=gnu --enable-default-pie --enable-default-ssp --enable-gnu-indirect-function --enable-gnu-unique-object --enable-install-libiberty --enable-linker-build-id --enable-lto --enable-multilib --enable-plugin --enable-shared --enable-threads=posix --disable-libssp --disable-libstdcxx-pch --disable-libunwind-exceptions --disable-werror gdc_include_dir=/usr/include/dlang/gdc]
  ignore line: [Thread model: posix]
  ignore line: [Supported LTO compression algorithms: zlib zstd]
  ignore line: [gcc version 10.2.0 (GCC) ]
  ignore line: [COMPILER_PATH=/usr/lib/gcc/x86_64-pc-linux-gnu/10.2.0/:/usr/lib/gcc/x86_64-pc-linux-gnu/10.2.0/:/usr/lib/gcc/x86_64-pc-linux-gnu/:/usr/lib/gcc/x86_64-pc-linux-gnu/10.2.0/:/usr/lib/gcc/x86_64-pc-linux-gnu/]
  ignore line: [LIBRARY_PATH=/usr/lib/gcc/x86_64-pc-linux-gnu/10.2.0/:/usr/lib/gcc/x86_64-pc-linux-gnu/10.2.0/../../../../lib/:/lib/../lib/:/usr/lib/../lib/:/usr/lib/gcc/x86_64-pc-linux-gnu/10.2.0/../../../:/lib/:/usr/lib/]
  ignore line: [COLLECT_GCC_OPTIONS='-v' '-o' 'cmTC_1e3d8' '-shared-libgcc' '-mtune=generic' '-march=x86-64']
  link line: [ /usr/lib/gcc/x86_64-pc-linux-gnu/10.2.0/collect2 -plugin /usr/lib/gcc/x86_64-pc-linux-gnu/10.2.0/liblto_plugin.so -plugin-opt=/usr/lib/gcc/x86_64-pc-linux-gnu/10.2.0/lto-wrapper -plugin-opt=-fresolution=/tmp/ccAJCXmb.res -plugin-opt=-pass-through=-lgcc_s -plugin-opt=-pass-through=-lgcc -plugin-opt=-pass-through=-lc -plugin-opt=-pass-through=-lgcc_s -plugin-opt=-pass-through=-lgcc --build-id --eh-frame-hdr --hash-style=gnu -m elf_x86_64 -dynamic-linker /lib64/ld-linux-x86-64.so.2 -pie -o cmTC_1e3d8 /usr/lib/gcc/x86_64-pc-linux-gnu/10.2.0/../../../../lib/Scrt1.o /usr/lib/gcc/x86_64-pc-linux-gnu/10.2.0/../../../../lib/crti.o /usr/lib/gcc/x86_64-pc-linux-gnu/10.2.0/crtbeginS.o -L/usr/lib/gcc/x86_64-pc-linux-gnu/10.2.0 -L/usr/lib/gcc/x86_64-pc-linux-gnu/10.2.0/../../../../lib -L/lib/../lib -L/usr/lib/../lib -L/usr/lib/gcc/x86_64-pc-linux-gnu/10.2.0/../../.. CMakeFiles/cmTC_1e3d8.dir/CMakeCXXCompilerABI.cpp.o -lstdc++ -lm -lgcc_s -lgcc -lc -lgcc_s -lgcc /usr/lib/gcc/x86_64-pc-linux-gnu/10.2.0/crtendS.o /usr/lib/gcc/x86_64-pc-linux-gnu/10.2.0/../../../../lib/crtn.o]
    arg [/usr/lib/gcc/x86_64-pc-linux-gnu/10.2.0/collect2] ==> ignore
    arg [-plugin] ==> ignore
    arg [/usr/lib/gcc/x86_64-pc-linux-gnu/10.2.0/liblto_plugin.so] ==> ignore
    arg [-plugin-opt=/usr/lib/gcc/x86_64-pc-linux-gnu/10.2.0/lto-wrapper] ==> ignore
    arg [-plugin-opt=-fresolution=/tmp/ccAJCXmb.res] ==> ignore
    arg [-plugin-opt=-pass-through=-lgcc_s] ==> ignore
    arg [-plugin-opt=-pass-through=-lgcc] ==> ignore
    arg [-plugin-opt=-pass-through=-lc] ==> ignore
    arg [-plugin-opt=-pass-through=-lgcc_s] ==> ignore
    arg [-plugin-opt=-pass-through=-lgcc] ==> ignore
    arg [--build-id] ==> ignore
    arg [--eh-frame-hdr] ==> ignore
    arg [--hash-style=gnu] ==> ignore
    arg [-m] ==> ignore
    arg [elf_x86_64] ==> ignore
    arg [-dynamic-linker] ==> ignore
    arg [/lib64/ld-linux-x86-64.so.2] ==> ignore
    arg [-pie] ==> ignore
    arg [-o] ==> ignore
    arg [cmTC_1e3d8] ==> ignore
    arg [/usr/lib/gcc/x86_64-pc-linux-gnu/10.2.0/../../../../lib/Scrt1.o] ==> obj [/usr/lib/gcc/x86_64-pc-linux-gnu/10.2.0/../../../../lib/Scrt1.o]
    arg [/usr/lib/gcc/x86_64-pc-linux-gnu/10.2.0/../../../../lib/crti.o] ==> obj [/usr/lib/gcc/x86_64-pc-linux-gnu/10.2.0/../../../../lib/crti.o]
    arg [/usr/lib/gcc/x86_64-pc-linux-gnu/10.2.0/crtbeginS.o] ==> obj [/usr/lib/gcc/x86_64-pc-linux-gnu/10.2.0/crtbeginS.o]
    arg [-L/usr/lib/gcc/x86_64-pc-linux-gnu/10.2.0] ==> dir [/usr/lib/gcc/x86_64-pc-linux-gnu/10.2.0]
    arg [-L/usr/lib/gcc/x86_64-pc-linux-gnu/10.2.0/../../../../lib] ==> dir [/usr/lib/gcc/x86_64-pc-linux-gnu/10.2.0/../../../../lib]
    arg [-L/lib/../lib] ==> dir [/lib/../lib]
    arg [-L/usr/lib/../lib] ==> dir [/usr/lib/../lib]
    arg [-L/usr/lib/gcc/x86_64-pc-linux-gnu/10.2.0/../../..] ==> dir [/usr/lib/gcc/x86_64-pc-linux-gnu/10.2.0/../../..]
    arg [CMakeFiles/cmTC_1e3d8.dir/CMakeCXXCompilerABI.cpp.o] ==> ignore
    arg [-lstdc++] ==> lib [stdc++]
    arg [-lm] ==> lib [m]
    arg [-lgcc_s] ==> lib [gcc_s]
    arg [-lgcc] ==> lib [gcc]
    arg [-lc] ==> lib [c]
    arg [-lgcc_s] ==> lib [gcc_s]
    arg [-lgcc] ==> lib [gcc]
    arg [/usr/lib/gcc/x86_64-pc-linux-gnu/10.2.0/crtendS.o] ==> obj [/usr/lib/gcc/x86_64-pc-linux-gnu/10.2.0/crtendS.o]
    arg [/usr/lib/gcc/x86_64-pc-linux-gnu/10.2.0/../../../../lib/crtn.o] ==> obj [/usr/lib/gcc/x86_64-pc-linux-gnu/10.2.0/../../../../lib/crtn.o]
  collapse obj [/usr/lib/gcc/x86_64-pc-linux-gnu/10.2.0/../../../../lib/Scrt1.o] ==> [/usr/lib/Scrt1.o]
  collapse obj [/usr/lib/gcc/x86_64-pc-linux-gnu/10.2.0/../../../../lib/crti.o] ==> [/usr/lib/crti.o]
  collapse obj [/usr/lib/gcc/x86_64-pc-linux-gnu/10.2.0/../../../../lib/crtn.o] ==> [/usr/lib/crtn.o]
  collapse library dir [/usr/lib/gcc/x86_64-pc-linux-gnu/10.2.0] ==> [/usr/lib/gcc/x86_64-pc-linux-gnu/10.2.0]
  collapse library dir [/usr/lib/gcc/x86_64-pc-linux-gnu/10.2.0/../../../../lib] ==> [/usr/lib]
  collapse library dir [/lib/../lib] ==> [/lib]
  collapse library dir [/usr/lib/../lib] ==> [/usr/lib]
  collapse library dir [/usr/lib/gcc/x86_64-pc-linux-gnu/10.2.0/../../..] ==> [/usr/lib]
  implicit libs: [stdc++;m;gcc_s;gcc;c;gcc_s;gcc]
  implicit objs: [/usr/lib/Scrt1.o;/usr/lib/crti.o;/usr/lib/gcc/x86_64-pc-linux-gnu/10.2.0/crtbeginS.o;/usr/lib/gcc/x86_64-pc-linux-gnu/10.2.0/crtendS.o;/usr/lib/crtn.o]
  implicit dirs: [/usr/lib/gcc/x86_64-pc-linux-gnu/10.2.0;/usr/lib;/lib]
  implicit fwks: []


Detecting C compiler ABI info compiled with the following output:
Change Dir: /home/ghostbird/Hacking/黒澤玲/ping-pong-gpu/build/CMakeFiles/CMakeTmp

Run Build Command(s):/usr/bin/make -f Makefile cmTC_fd84c/fast && /usr/bin/make  -f CMakeFiles/cmTC_fd84c.dir/build.make CMakeFiles/cmTC_fd84c.dir/build
make[1]: Entering directory '/home/ghostbird/Hacking/黒澤玲/ping-pong-gpu/build/CMakeFiles/CMakeTmp'
Building C object CMakeFiles/cmTC_fd84c.dir/CMakeCCompilerABI.c.o
/usr/bin/cc   -v -o CMakeFiles/cmTC_fd84c.dir/CMakeCCompilerABI.c.o -c /usr/share/cmake-3.20/Modules/CMakeCCompilerABI.c
Using built-in specs.
COLLECT_GCC=/usr/bin/cc
Target: x86_64-pc-linux-gnu
Configured with: /build/gcc/src/gcc/configure --prefix=/usr --libdir=/usr/lib --libexecdir=/usr/lib --mandir=/usr/share/man --infodir=/usr/share/info --with-bugurl=https://bugs.archlinux.org/ --enable-languages=c,c++,ada,fortran,go,lto,objc,obj-c++,d --with-isl --with-linker-hash-style=gnu --with-system-zlib --enable-__cxa_atexit --enable-cet=auto --enable-checking=release --enable-clocale=gnu --enable-default-pie --enable-default-ssp --enable-gnu-indirect-function --enable-gnu-unique-object --enable-install-libiberty --enable-linker-build-id --enable-lto --enable-multilib --enable-plugin --enable-shared --enable-threads=posix --disable-libssp --disable-libstdcxx-pch --disable-libunwind-exceptions --disable-werror gdc_include_dir=/usr/include/dlang/gdc
Thread model: posix
Supported LTO compression algorithms: zlib zstd
gcc version 10.2.0 (GCC) 
COLLECT_GCC_OPTIONS='-v' '-o' 'CMakeFiles/cmTC_fd84c.dir/CMakeCCompilerABI.c.o' '-c' '-mtune=generic' '-march=x86-64'
 /usr/lib/gcc/x86_64-pc-linux-gnu/10.2.0/cc1 -quiet -v /usr/share/cmake-3.20/Modules/CMakeCCompilerABI.c -quiet -dumpbase CMakeCCompilerABI.c -mtune=generic -march=x86-64 -auxbase-strip CMakeFiles/cmTC_fd84c.dir/CMakeCCompilerABI.c.o -version -o /tmp/cckn3l4Z.s
GNU C17 (GCC) version 10.2.0 (x86_64-pc-linux-gnu)
	compiled by GNU C version 10.2.0, GMP version 6.2.1, MPFR version 4.1.0, MPC version 1.2.1, isl version isl-0.21-GMP

GGC heuristics: --param ggc-min-expand=100 --param ggc-min-heapsize=131072
ignoring nonexistent directory "/usr/lib/gcc/x86_64-pc-linux-gnu/10.2.0/../../../../x86_64-pc-linux-gnu/include"
#include "..." search starts here:
#include <...> search starts here:
 /usr/lib/gcc/x86_64-pc-linux-gnu/10.2.0/include
 /usr/local/include
 /usr/lib/gcc/x86_64-pc-linux-gnu/10.2.0/include-fixed
 /usr/include
End of search list.
GNU C17 (GCC) version 10.2.0 (x86_64-pc-linux-gnu)
	compiled by GNU C version 10.2.0, GMP version 6.2.1, MPFR version 4.1.0, MPC version 1.2.1, isl version isl-0.21-GMP

GGC heuristics: --param ggc-min-expand=100 --param ggc-min-heapsize=131072
Compiler executable checksum: 1bfc39bab4733e0e3f89254efa5bbd30
COLLECT_GCC_OPTIONS='-v' '-o' 'CMakeFiles/cmTC_fd84c.dir/CMakeCCompilerABI.c.o' '-c' '-mtune=generic' '-march=x86-64'
 as -v --64 -o CMakeFiles/cmTC_fd84c.dir/CMakeCCompilerABI.c.o /tmp/cckn3l4Z.s
GNU assembler version 2.36.1 (x86_64-pc-linux-gnu) using BFD version (GNU Binutils) 2.36.1
COMPILER_PATH=/usr/lib/gcc/x86_64-pc-linux-gnu/10.2.0/:/usr/lib/gcc/x86_64-pc-linux-gnu/10.2.0/:/usr/lib/gcc/x86_64-pc-linux-gnu/:/usr/lib/gcc/x86_64-pc-linux-gnu/10.2.0/:/usr/lib/gcc/x86_64-pc-linux-gnu/
LIBRARY_PATH=/usr/lib/gcc/x86_64-pc-linux-gnu/10.2.0/:/usr/lib/gcc/x86_64-pc-linux-gnu/10.2.0/../../../../lib/:/lib/../lib/:/usr/lib/../lib/:/usr/lib/gcc/x86_64-pc-linux-gnu/10.2.0/../../../:/lib/:/usr/lib/
COLLECT_GCC_OPTIONS='-v' '-o' 'CMakeFiles/cmTC_fd84c.dir/CMakeCCompilerABI.c.o' '-c' '-mtune=generic' '-march=x86-64'
Linking C executable cmTC_fd84c
/usr/bin/cmake -E cmake_link_script CMakeFiles/cmTC_fd84c.dir/link.txt --verbose=1
/usr/bin/cc  -v CMakeFiles/cmTC_fd84c.dir/CMakeCCompilerABI.c.o -o cmTC_fd84c 
Using built-in specs.
COLLECT_GCC=/usr/bin/cc
COLLECT_LTO_WRAPPER=/usr/lib/gcc/x86_64-pc-linux-gnu/10.2.0/lto-wrapper
Target: x86_64-pc-linux-gnu
Configured with: /build/gcc/src/gcc/configure --prefix=/usr --libdir=/usr/lib --libexecdir=/usr/lib --mandir=/usr/share/man --infodir=/usr/share/info --with-bugurl=https://bugs.archlinux.org/ --enable-languages=c,c++,ada,fortran,go,lto,objc,obj-c++,d --with-isl --with-linker-hash-style=gnu --with-system-zlib --enable-__cxa_atexit --enable-cet=auto --enable-checking=release --enable-clocale=gnu --enable-default-pie --enable-default-ssp --enable-gnu-indirect-function --enable-gnu-unique-object --enable-install-libiberty --enable-linker-build-id --enable-lto --enable-multilib --enable-plugin --enable-shared --enable-threads=posix --disable-libssp --disable-libstdcxx-pch --disable-libunwind-exceptions --disable-werror gdc_include_dir=/usr/include/dlang/gdc
Thread model: posix
Supported LTO compression algorithms: zlib zstd
gcc version 10.2.0 (GCC) 
COMPILER_PATH=/usr/lib/gcc/x86_64-pc-linux-gnu/10.2.0/:/usr/lib/gcc/x86_64-pc-linux-gnu/10.2.0/:/usr/lib/gcc/x86_64-pc-linux-gnu/:/usr/lib/gcc/x86_64-pc-linux-gnu/10.2.0/:/usr/lib/gcc/x86_64-pc-linux-gnu/
LIBRARY_PATH=/usr/lib/gcc/x86_64-pc-linux-gnu/10.2.0/:/usr/lib/gcc/x86_64-pc-linux-gnu/10.2.0/../../../../lib/:/lib/../lib/:/usr/lib/../lib/:/usr/lib/gcc/x86_64-pc-linux-gnu/10.2.0/../../../:/lib/:/usr/lib/
COLLECT_GCC_OPTIONS='-v' '-o' 'cmTC_fd84c' '-mtune=generic' '-march=x86-64'
 /usr/lib/gcc/x86_64-pc-linux-gnu/10.2.0/collect2 -plugin /usr/lib/gcc/x86_64-pc-linux-gnu/10.2.0/liblto_plugin.so -plugin-opt=/usr/lib/gcc/x86_64-pc-linux-gnu/10.2.0/lto-wrapper -plugin-opt=-fresolution=/tmp/cc2dK9Im.res -plugin-opt=-pass-through=-lgcc -plugin-opt=-pass-through=-lgcc_s -plugin-opt=-pass-through=-lc -plugin-opt=-pass-through=-lgcc -plugin-opt=-pass-through=-lgcc_s --build-id --eh-frame-hdr --hash-style=gnu -m elf_x86_64 -dynamic-linker /lib64/ld-linux-x86-64.so.2 -pie -o cmTC_fd84c /usr/lib/gcc/x86_64-pc-linux-gnu/10.2.0/../../../../lib/Scrt1.o /usr/lib/gcc/x86_64-pc-linux-gnu/10.2.0/../../../../lib/crti.o /usr/lib/gcc/x86_64-pc-linux-gnu/10.2.0/crtbeginS.o -L/usr/lib/gcc/x86_64-pc-linux-gnu/10.2.0 -L/usr/lib/gcc/x86_64-pc-linux-gnu/10.2.0/../../../../lib -L/lib/../lib -L/usr/lib/../lib -L/usr/lib/gcc/x86_64-pc-linux-gnu/10.2.0/../../.. CMakeFiles/cmTC_fd84c.dir/CMakeCCompilerABI.c.o -lgcc --push-state --as-needed -lgcc_s --pop-state -lc -lgcc --push-state --as-needed -lgcc_s --pop-state /usr/lib/gcc/x86_64-pc-linux-gnu/10.2.0/crtendS.o /usr/lib/gcc/x86_64-pc-linux-gnu/10.2.0/../../../../lib/crtn.o
COLLECT_GCC_OPTIONS='-v' '-o' 'cmTC_fd84c' '-mtune=generic' '-march=x86-64'
make[1]: Leaving directory '/home/ghostbird/Hacking/黒澤玲/ping-pong-gpu/build/CMakeFiles/CMakeTmp'



Parsed C implicit include dir info from above output: rv=done
  found start of include info
  found start of implicit include info
    add: [/usr/lib/gcc/x86_64-pc-linux-gnu/10.2.0/include]
    add: [/usr/local/include]
    add: [/usr/lib/gcc/x86_64-pc-linux-gnu/10.2.0/include-fixed]
    add: [/usr/include]
  end of search list found
  collapse include dir [/usr/lib/gcc/x86_64-pc-linux-gnu/10.2.0/include] ==> [/usr/lib/gcc/x86_64-pc-linux-gnu/10.2.0/include]
  collapse include dir [/usr/local/include] ==> [/usr/local/include]
  collapse include dir [/usr/lib/gcc/x86_64-pc-linux-gnu/10.2.0/include-fixed] ==> [/usr/lib/gcc/x86_64-pc-linux-gnu/10.2.0/include-fixed]
  collapse include dir [/usr/include] ==> [/usr/include]
  implicit include dirs: [/usr/lib/gcc/x86_64-pc-linux-gnu/10.2.0/include;/usr/local/include;/usr/lib/gcc/x86_64-pc-linux-gnu/10.2.0/include-fixed;/usr/include]


Parsed C implicit link information from above output:
  link line regex: [^( *|.*[/\])(ld|CMAKE_LINK_STARTFILE-NOTFOUND|([^/\]+-)?ld|collect2)[^/\]*( |$)]
  ignore line: [Change Dir: /home/ghostbird/Hacking/黒澤玲/ping-pong-gpu/build/CMakeFiles/CMakeTmp]
  ignore line: []
  ignore line: [Run Build Command(s):/usr/bin/make -f Makefile cmTC_fd84c/fast && /usr/bin/make  -f CMakeFiles/cmTC_fd84c.dir/build.make CMakeFiles/cmTC_fd84c.dir/build]
  ignore line: [make[1]: Entering directory '/home/ghostbird/Hacking/黒澤玲/ping-pong-gpu/build/CMakeFiles/CMakeTmp']
  ignore line: [Building C object CMakeFiles/cmTC_fd84c.dir/CMakeCCompilerABI.c.o]
  ignore line: [/usr/bin/cc   -v -o CMakeFiles/cmTC_fd84c.dir/CMakeCCompilerABI.c.o -c /usr/share/cmake-3.20/Modules/CMakeCCompilerABI.c]
  ignore line: [Using built-in specs.]
  ignore line: [COLLECT_GCC=/usr/bin/cc]
  ignore line: [Target: x86_64-pc-linux-gnu]
  ignore line: [Configured with: /build/gcc/src/gcc/configure --prefix=/usr --libdir=/usr/lib --libexecdir=/usr/lib --mandir=/usr/share/man --infodir=/usr/share/info --with-bugurl=https://bugs.archlinux.org/ --enable-languages=c c++ ada fortran go lto objc obj-c++ d --with-isl --with-linker-hash-style=gnu --with-system-zlib --enable-__cxa_atexit --enable-cet=auto --enable-checking=release --enable-clocale=gnu --enable-default-pie --enable-default-ssp --enable-gnu-indirect-function --enable-gnu-unique-object --enable-install-libiberty --enable-linker-build-id --enable-lto --enable-multilib --enable-plugin --enable-shared --enable-threads=posix --disable-libssp --disable-libstdcxx-pch --disable-libunwind-exceptions --disable-werror gdc_include_dir=/usr/include/dlang/gdc]
  ignore line: [Thread model: posix]
  ignore line: [Supported LTO compression algorithms: zlib zstd]
  ignore line: [gcc version 10.2.0 (GCC) ]
  ignore line: [COLLECT_GCC_OPTIONS='-v' '-o' 'CMakeFiles/cmTC_fd84c.dir/CMakeCCompilerABI.c.o' '-c' '-mtune=generic' '-march=x86-64']
  ignore line: [ /usr/lib/gcc/x86_64-pc-linux-gnu/10.2.0/cc1 -quiet -v /usr/share/cmake-3.20/Modules/CMakeCCompilerABI.c -quiet -dumpbase CMakeCCompilerABI.c -mtune=generic -march=x86-64 -auxbase-strip CMakeFiles/cmTC_fd84c.dir/CMakeCCompilerABI.c.o -version -o /tmp/cckn3l4Z.s]
  ignore line: [GNU C17 (GCC) version 10.2.0 (x86_64-pc-linux-gnu)]
  ignore line: [	compiled by GNU C version 10.2.0  GMP version 6.2.1  MPFR version 4.1.0  MPC version 1.2.1  isl version isl-0.21-GMP]
  ignore line: []
  ignore line: [GGC heuristics: --param ggc-min-expand=100 --param ggc-min-heapsize=131072]
  ignore line: [ignoring nonexistent directory "/usr/lib/gcc/x86_64-pc-linux-gnu/10.2.0/../../../../x86_64-pc-linux-gnu/include"]
  ignore line: [#include "..." search starts here:]
  ignore line: [#include <...> search starts here:]
  ignore line: [ /usr/lib/gcc/x86_64-pc-linux-gnu/10.2.0/include]
  ignore line: [ /usr/local/include]
  ignore line: [ /usr/lib/gcc/x86_64-pc-linux-gnu/10.2.0/include-fixed]
  ignore line: [ /usr/include]
  ignore line: [End of search list.]
  ignore line: [GNU C17 (GCC) version 10.2.0 (x86_64-pc-linux-gnu)]
  ignore line: [	compiled by GNU C version 10.2.0  GMP version 6.2.1  MPFR version 4.1.0  MPC version 1.2.1  isl version isl-0.21-GMP]
  ignore line: []
  ignore line: [GGC heuristics: --param ggc-min-expand=100 --param ggc-min-heapsize=131072]
  ignore line: [Compiler executable checksum: 1bfc39bab4733e0e3f89254efa5bbd30]
  ignore line: [COLLECT_GCC_OPTIONS='-v' '-o' 'CMakeFiles/cmTC_fd84c.dir/CMakeCCompilerABI.c.o' '-c' '-mtune=generic' '-march=x86-64']
  ignore line: [ as -v --64 -o CMakeFiles/cmTC_fd84c.dir/CMakeCCompilerABI.c.o /tmp/cckn3l4Z.s]
  ignore line: [GNU assembler version 2.36.1 (x86_64-pc-linux-gnu) using BFD version (GNU Binutils) 2.36.1]
  ignore line: [COMPILER_PATH=/usr/lib/gcc/x86_64-pc-linux-gnu/10.2.0/:/usr/lib/gcc/x86_64-pc-linux-gnu/10.2.0/:/usr/lib/gcc/x86_64-pc-linux-gnu/:/usr/lib/gcc/x86_64-pc-linux-gnu/10.2.0/:/usr/lib/gcc/x86_64-pc-linux-gnu/]
  ignore line: [LIBRARY_PATH=/usr/lib/gcc/x86_64-pc-linux-gnu/10.2.0/:/usr/lib/gcc/x86_64-pc-linux-gnu/10.2.0/../../../../lib/:/lib/../lib/:/usr/lib/../lib/:/usr/lib/gcc/x86_64-pc-linux-gnu/10.2.0/../../../:/lib/:/usr/lib/]
  ignore line: [COLLECT_GCC_OPTIONS='-v' '-o' 'CMakeFiles/cmTC_fd84c.dir/CMakeCCompilerABI.c.o' '-c' '-mtune=generic' '-march=x86-64']
  ignore line: [Linking C executable cmTC_fd84c]
  ignore line: [/usr/bin/cmake -E cmake_link_script CMakeFiles/cmTC_fd84c.dir/link.txt --verbose=1]
  ignore line: [/usr/bin/cc  -v CMakeFiles/cmTC_fd84c.dir/CMakeCCompilerABI.c.o -o cmTC_fd84c ]
  ignore line: [Using built-in specs.]
  ignore line: [COLLECT_GCC=/usr/bin/cc]
  ignore line: [COLLECT_LTO_WRAPPER=/usr/lib/gcc/x86_64-pc-linux-gnu/10.2.0/lto-wrapper]
  ignore line: [Target: x86_64-pc-linux-gnu]
  ignore line: [Configured with: /build/gcc/src/gcc/configure --prefix=/usr --libdir=/usr/lib --libexecdir=/usr/lib --mandir=/usr/share/man --infodir=/usr/share/info --with-bugurl=https://bugs.archlinux.org/ --enable-languages=c c++ ada fortran go lto objc obj-c++ d --with-isl --with-linker-hash-style=gnu --with-system-zlib --enable-__cxa_atexit --enable-cet=auto --enable-checking=release --enable-clocale=gnu --enable-default-pie --enable-default-ssp --enable-gnu-indirect-function --enable-gnu-unique-object --enable-install-libiberty --enable-linker-build-id --enable-lto --enable-multilib --enable-plugin --enable-shared --enable-threads=posix --disable-libssp --disable-libstdcxx-pch --disable-libunwind-exceptions --disable-werror gdc_include_dir=/usr/include/dlang/gdc]
  ignore line: [Thread model: posix]
  ignore line: [Supported LTO compression algorithms: zlib zstd]
  ignore line: [gcc version 10.2.0 (GCC) ]
  ignore line: [COMPILER_PATH=/usr/lib/gcc/x86_64-pc-linux-gnu/10.2.0/:/usr/lib/gcc/x86_64-pc-linux-gnu/10.2.0/:/usr/lib/gcc/x86_64-pc-linux-gnu/:/usr/lib/gcc/x86_64-pc-linux-gnu/10.2.0/:/usr/lib/gcc/x86_64-pc-linux-gnu/]
  ignore line: [LIBRARY_PATH=/usr/lib/gcc/x86_64-pc-linux-gnu/10.2.0/:/usr/lib/gcc/x86_64-pc-linux-gnu/10.2.0/../../../../lib/:/lib/../lib/:/usr/lib/../lib/:/usr/lib/gcc/x86_64-pc-linux-gnu/10.2.0/../../../:/lib/:/usr/lib/]
  ignore line: [COLLECT_GCC_OPTIONS='-v' '-o' 'cmTC_fd84c' '-mtune=generic' '-march=x86-64']
  link line: [ /usr/lib/gcc/x86_64-pc-linux-gnu/10.2.0/collect2 -plugin /usr/lib/gcc/x86_64-pc-linux-gnu/10.2.0/liblto_plugin.so -plugin-opt=/usr/lib/gcc/x86_64-pc-linux-gnu/10.2.0/lto-wrapper -plugin-opt=-fresolution=/tmp/cc2dK9Im.res -plugin-opt=-pass-through=-lgcc -plugin-opt=-pass-through=-lgcc_s -plugin-opt=-pass-through=-lc -plugin-opt=-pass-through=-lgcc -plugin-opt=-pass-through=-lgcc_s --build-id --eh-frame-hdr --hash-style=gnu -m elf_x86_64 -dynamic-linker /lib64/ld-linux-x86-64.so.2 -pie -o cmTC_fd84c /usr/lib/gcc/x86_64-pc-linux-gnu/10.2.0/../../../../lib/Scrt1.o /usr/lib/gcc/x86_64-pc-linux-gnu/10.2.0/../../../../lib/crti.o /usr/lib/gcc/x86_64-pc-linux-gnu/10.2.0/crtbeginS.o -L/usr/lib/gcc/x86_64-pc-linux-gnu/10.2.0 -L/usr/lib/gcc/x86_64-pc-linux-gnu/10.2.0/../../../../lib -L/lib/../lib -L/usr/lib/../lib -L/usr/lib/gcc/x86_64-pc-linux-gnu/10.2.0/../../.. CMakeFiles/cmTC_fd84c.dir/CMakeCCompilerABI.c.o -lgcc --push-state --as-needed -lgcc_s --pop-state -lc -lgcc --push-state --as-needed -lgcc_s --pop-state /usr/lib/gcc/x86_64-pc-linux-gnu/10.2.0/crtendS.o /usr/lib/gcc/x86_64-pc-linux-gnu/10.2.0/../../../../lib/crtn.o]
    arg [/usr/lib/gcc/x86_64-pc-linux-gnu/10.2.0/collect2] ==> ignore
    arg [-plugin] ==> ignore
    arg [/usr/lib/gcc/x86_64-pc-linux-gnu/10.2.0/liblto_plugin.so] ==> ignore
    arg [-plugin-opt=/usr/lib/gcc/x86_64-pc-linux-gnu/10.2.0/lto-wrapper] ==> ignore
    arg [-plugin-opt=-fresolution=/tmp/cc2dK9Im.res] ==> ignore
    arg [-plugin-opt=-pass-through=-lgcc] ==> ignore
    arg [-plugin-opt=-pass-through=-lgcc_s] ==> ignore
    arg [-plugin-opt=-pass-through=-lc] ==> ignore
    arg [-plugin-opt=-pass-through=-lgcc] ==> ignore
    arg [-plugin-opt=-pass-through=-lgcc_s] ==> ignore
    arg [--build-id] ==> ignore
    arg [--eh-frame-hdr] ==> ignore
    arg [--hash-style=gnu] ==> ignore
    arg [-m] ==> ignore
    arg [elf_x86_64] ==> ignore
    arg [-dynamic-linker] ==> ignore
    arg [/lib64/ld-linux-x86-64.so.2] ==> ignore
    arg [-pie] ==> ignore
    arg [-o] ==> ignore
    arg [cmTC_fd84c] ==> ignore
    arg [/usr/lib/gcc/x86_64-pc-linux-gnu/10.2.0/../../../../lib/Scrt1.o] ==> obj [/usr/lib/gcc/x86_64-pc-linux-gnu/10.2.0/../../../../lib/Scrt1.o]
    arg [/usr/lib/gcc/x86_64-pc-linux-gnu/10.2.0/../../../../lib/crti.o] ==> obj [/usr/lib/gcc/x86_64-pc-linux-gnu/10.2.0/../../../../lib/crti.o]
    arg [/usr/lib/gcc/x86_64-pc-linux-gnu/10.2.0/crtbeginS.o] ==> obj [/usr/lib/gcc/x86_64-pc-linux-gnu/10.2.0/crtbeginS.o]
    arg [-L/usr/lib/gcc/x86_64-pc-linux-gnu/10.2.0] ==> dir [/usr/lib/gcc/x86_64-pc-linux-gnu/10.2.0]
    arg [-L/usr/lib/gcc/x86_64-pc-linux-gnu/10.2.0/../../../../lib] ==> dir [/usr/lib/gcc/x86_64-pc-linux-gnu/10.2.0/../../../../lib]
    arg [-L/lib/../lib] ==> dir [/lib/../lib]
    arg [-L/usr/lib/../lib] ==> dir [/usr/lib/../lib]
    arg [-L/usr/lib/gcc/x86_64-pc-linux-gnu/10.2.0/../../..] ==> dir [/usr/lib/gcc/x86_64-pc-linux-gnu/10.2.0/../../..]
    arg [CMakeFiles/cmTC_fd84c.dir/CMakeCCompilerABI.c.o] ==> ignore
    arg [-lgcc] ==> lib [gcc]
    arg [--push-state] ==> ignore
    arg [--as-needed] ==> ignore
    arg [-lgcc_s] ==> lib [gcc_s]
    arg [--pop-state] ==> ignore
    arg [-lc] ==> lib [c]
    arg [-lgcc] ==> lib [gcc]
    arg [--push-state] ==> ignore
    arg [--as-needed] ==> ignore
    arg [-lgcc_s] ==> lib [gcc_s]
    arg [--pop-state] ==> ignore
    arg [/usr/lib/gcc/x86_64-pc-linux-gnu/10.2.0/crtendS.o] ==> obj [/usr/lib/gcc/x86_64-pc-linux-gnu/10.2.0/crtendS.o]
    arg [/usr/lib/gcc/x86_64-pc-linux-gnu/10.2.0/../../../../lib/crtn.o] ==> obj [/usr/lib/gcc/x86_64-pc-linux-gnu/10.2.0/../../../../lib/crtn.o]
  collapse obj [/usr/lib/gcc/x86_64-pc-linux-gnu/10.2.0/../../../../lib/Scrt1.o] ==> [/usr/lib/Scrt1.o]
  collapse obj [/usr/lib/gcc/x86_64-pc-linux-gnu/10.2.0/../../../../lib/crti.o] ==> [/usr/lib/crti.o]
  collapse obj [/usr/lib/gcc/x86_64-pc-linux-gnu/10.2.0/../../../../lib/crtn.o] ==> [/usr/lib/crtn.o]
  collapse library dir [/usr/lib/gcc/x86_64-pc-linux-gnu/10.2.0] ==> [/usr/lib/gcc/x86_64-pc-linux-gnu/10.2.0]
  collapse library dir [/usr/lib/gcc/x86_64-pc-linux-gnu/10.2.0/../../../../lib] ==> [/usr/lib]
  collapse library dir [/lib/../lib] ==> [/lib]
  collapse library dir [/usr/lib/../lib] ==> [/usr/lib]
  collapse library dir [/usr/lib/gcc/x86_64-pc-linux-gnu/10.2.0/../../..] ==> [/usr/lib]
  implicit libs: [gcc;gcc_s;c;gcc;gcc_s]
  implicit objs: [/usr/lib/Scrt1.o;/usr/lib/crti.o;/usr/lib/gcc/x86_64-pc-linux-gnu/10.2.0/crtbeginS.o;/usr/lib/gcc/x86_64-pc-linux-gnu/10.2.0/crtendS.o;/usr/lib/crtn.o]
  implicit dirs: [/usr/lib/gcc/x86_64-pc-linux-gnu/10.2.0;/usr/lib;/lib]
  implicit fwks: []


Detecting Fortran compiler ABI info compiled with the following output:
Change Dir: /home/ghostbird/Hacking/黒澤玲/ping-pong-gpu/build/CMakeFiles/CMakeTmp

Run Build Command(s):/usr/bin/make -f Makefile cmTC_2e1a3/fast && /usr/bin/make  -f CMakeFiles/cmTC_2e1a3.dir/build.make CMakeFiles/cmTC_2e1a3.dir/build
make[1]: Entering directory '/home/ghostbird/Hacking/黒澤玲/ping-pong-gpu/build/CMakeFiles/CMakeTmp'
Building Fortran object CMakeFiles/cmTC_2e1a3.dir/CMakeFortranCompilerABI.F.o
/usr/bin/gfortran   -v -c /usr/share/cmake-3.20/Modules/CMakeFortranCompilerABI.F -o CMakeFiles/cmTC_2e1a3.dir/CMakeFortranCompilerABI.F.o
Using built-in specs.
COLLECT_GCC=/usr/bin/gfortran
Target: x86_64-pc-linux-gnu
Configured with: /build/gcc/src/gcc/configure --prefix=/usr --libdir=/usr/lib --libexecdir=/usr/lib --mandir=/usr/share/man --infodir=/usr/share/info --with-bugurl=https://bugs.archlinux.org/ --enable-languages=c,c++,ada,fortran,go,lto,objc,obj-c++,d --with-isl --with-linker-hash-style=gnu --with-system-zlib --enable-__cxa_atexit --enable-cet=auto --enable-checking=release --enable-clocale=gnu --enable-default-pie --enable-default-ssp --enable-gnu-indirect-function --enable-gnu-unique-object --enable-install-libiberty --enable-linker-build-id --enable-lto --enable-multilib --enable-plugin --enable-shared --enable-threads=posix --disable-libssp --disable-libstdcxx-pch --disable-libunwind-exceptions --disable-werror gdc_include_dir=/usr/include/dlang/gdc
Thread model: posix
Supported LTO compression algorithms: zlib zstd
gcc version 10.2.0 (GCC) 
COLLECT_GCC_OPTIONS='-v' '-c' '-o' 'CMakeFiles/cmTC_2e1a3.dir/CMakeFortranCompilerABI.F.o' '-mtune=generic' '-march=x86-64'
 /usr/lib/gcc/x86_64-pc-linux-gnu/10.2.0/f951 /usr/share/cmake-3.20/Modules/CMakeFortranCompilerABI.F -ffixed-form -cpp=/tmp/ccdDBUAY.f90 -quiet -v /usr/share/cmake-3.20/Modules/CMakeFortranCompilerABI.F -quiet -dumpbase CMakeFortranCompilerABI.F -mtune=generic -march=x86-64 -auxbase-strip CMakeFiles/cmTC_2e1a3.dir/CMakeFortranCompilerABI.F.o -version -fintrinsic-modules-path /usr/lib/gcc/x86_64-pc-linux-gnu/10.2.0/finclude -fpre-include=/usr/include/finclude/math-vector-fortran.h -o /tmp/ccBp0A2S.s
GNU Fortran (GCC) version 10.2.0 (x86_64-pc-linux-gnu)
	compiled by GNU C version 10.2.0, GMP version 6.2.1, MPFR version 4.1.0, MPC version 1.2.1, isl version isl-0.21-GMP

GGC heuristics: --param ggc-min-expand=100 --param ggc-min-heapsize=131072
ignoring nonexistent directory "/usr/lib/gcc/x86_64-pc-linux-gnu/10.2.0/../../../../x86_64-pc-linux-gnu/include"
#include "..." search starts here:
#include <...> search starts here:
 /usr/lib/gcc/x86_64-pc-linux-gnu/10.2.0/finclude
 /usr/lib/gcc/x86_64-pc-linux-gnu/10.2.0/include
 /usr/local/include
 /usr/lib/gcc/x86_64-pc-linux-gnu/10.2.0/include-fixed
 /usr/include
End of search list.
GNU Fortran2008 (GCC) version 10.2.0 (x86_64-pc-linux-gnu)
	compiled by GNU C version 10.2.0, GMP version 6.2.1, MPFR version 4.1.0, MPC version 1.2.1, isl version isl-0.21-GMP

GGC heuristics: --param ggc-min-expand=100 --param ggc-min-heapsize=131072
COLLECT_GCC_OPTIONS='-v' '-c' '-o' 'CMakeFiles/cmTC_2e1a3.dir/CMakeFortranCompilerABI.F.o' '-mtune=generic' '-march=x86-64'
 as -v --64 -o CMakeFiles/cmTC_2e1a3.dir/CMakeFortranCompilerABI.F.o /tmp/ccBp0A2S.s
GNU assembler version 2.36.1 (x86_64-pc-linux-gnu) using BFD version (GNU Binutils) 2.36.1
COMPILER_PATH=/usr/lib/gcc/x86_64-pc-linux-gnu/10.2.0/:/usr/lib/gcc/x86_64-pc-linux-gnu/10.2.0/:/usr/lib/gcc/x86_64-pc-linux-gnu/:/usr/lib/gcc/x86_64-pc-linux-gnu/10.2.0/:/usr/lib/gcc/x86_64-pc-linux-gnu/
LIBRARY_PATH=/usr/lib/gcc/x86_64-pc-linux-gnu/10.2.0/:/usr/lib/gcc/x86_64-pc-linux-gnu/10.2.0/../../../../lib/:/lib/../lib/:/usr/lib/../lib/:/usr/lib/gcc/x86_64-pc-linux-gnu/10.2.0/../../../:/lib/:/usr/lib/
COLLECT_GCC_OPTIONS='-v' '-c' '-o' 'CMakeFiles/cmTC_2e1a3.dir/CMakeFortranCompilerABI.F.o' '-mtune=generic' '-march=x86-64'
Linking Fortran executable cmTC_2e1a3
/usr/bin/cmake -E cmake_link_script CMakeFiles/cmTC_2e1a3.dir/link.txt --verbose=1
/usr/bin/gfortran  -v CMakeFiles/cmTC_2e1a3.dir/CMakeFortranCompilerABI.F.o -o cmTC_2e1a3 
Driving: /usr/bin/gfortran -v CMakeFiles/cmTC_2e1a3.dir/CMakeFortranCompilerABI.F.o -o cmTC_2e1a3 -l gfortran -l m -shared-libgcc
Using built-in specs.
COLLECT_GCC=/usr/bin/gfortran
COLLECT_LTO_WRAPPER=/usr/lib/gcc/x86_64-pc-linux-gnu/10.2.0/lto-wrapper
Target: x86_64-pc-linux-gnu
Configured with: /build/gcc/src/gcc/configure --prefix=/usr --libdir=/usr/lib --libexecdir=/usr/lib --mandir=/usr/share/man --infodir=/usr/share/info --with-bugurl=https://bugs.archlinux.org/ --enable-languages=c,c++,ada,fortran,go,lto,objc,obj-c++,d --with-isl --with-linker-hash-style=gnu --with-system-zlib --enable-__cxa_atexit --enable-cet=auto --enable-checking=release --enable-clocale=gnu --enable-default-pie --enable-default-ssp --enable-gnu-indirect-function --enable-gnu-unique-object --enable-install-libiberty --enable-linker-build-id --enable-lto --enable-multilib --enable-plugin --enable-shared --enable-threads=posix --disable-libssp --disable-libstdcxx-pch --disable-libunwind-exceptions --disable-werror gdc_include_dir=/usr/include/dlang/gdc
Thread model: posix
Supported LTO compression algorithms: zlib zstd
gcc version 10.2.0 (GCC) 
Reading specs from /usr/lib/gcc/x86_64-pc-linux-gnu/10.2.0/../../../../lib/libgfortran.spec
rename spec lib to liborig
COLLECT_GCC_OPTIONS='-v' '-o' 'cmTC_2e1a3' '-shared-libgcc' '-mtune=generic' '-march=x86-64'
COMPILER_PATH=/usr/lib/gcc/x86_64-pc-linux-gnu/10.2.0/:/usr/lib/gcc/x86_64-pc-linux-gnu/10.2.0/:/usr/lib/gcc/x86_64-pc-linux-gnu/:/usr/lib/gcc/x86_64-pc-linux-gnu/10.2.0/:/usr/lib/gcc/x86_64-pc-linux-gnu/
LIBRARY_PATH=/usr/lib/gcc/x86_64-pc-linux-gnu/10.2.0/:/usr/lib/gcc/x86_64-pc-linux-gnu/10.2.0/../../../../lib/:/lib/../lib/:/usr/lib/../lib/:/usr/lib/gcc/x86_64-pc-linux-gnu/10.2.0/../../../:/lib/:/usr/lib/
COLLECT_GCC_OPTIONS='-v' '-o' 'cmTC_2e1a3' '-shared-libgcc' '-mtune=generic' '-march=x86-64'
 /usr/lib/gcc/x86_64-pc-linux-gnu/10.2.0/collect2 -plugin /usr/lib/gcc/x86_64-pc-linux-gnu/10.2.0/liblto_plugin.so -plugin-opt=/usr/lib/gcc/x86_64-pc-linux-gnu/10.2.0/lto-wrapper -plugin-opt=-fresolution=/tmp/ccqpg5Un.res -plugin-opt=-pass-through=-lgcc_s -plugin-opt=-pass-through=-lgcc -plugin-opt=-pass-through=-lquadmath -plugin-opt=-pass-through=-lm -plugin-opt=-pass-through=-lgcc_s -plugin-opt=-pass-through=-lgcc -plugin-opt=-pass-through=-lc -plugin-opt=-pass-through=-lgcc_s -plugin-opt=-pass-through=-lgcc --build-id --eh-frame-hdr --hash-style=gnu -m elf_x86_64 -dynamic-linker /lib64/ld-linux-x86-64.so.2 -pie -o cmTC_2e1a3 /usr/lib/gcc/x86_64-pc-linux-gnu/10.2.0/../../../../lib/Scrt1.o /usr/lib/gcc/x86_64-pc-linux-gnu/10.2.0/../../../../lib/crti.o /usr/lib/gcc/x86_64-pc-linux-gnu/10.2.0/crtbeginS.o -L/usr/lib/gcc/x86_64-pc-linux-gnu/10.2.0 -L/usr/lib/gcc/x86_64-pc-linux-gnu/10.2.0/../../../../lib -L/lib/../lib -L/usr/lib/../lib -L/usr/lib/gcc/x86_64-pc-linux-gnu/10.2.0/../../.. CMakeFiles/cmTC_2e1a3.dir/CMakeFortranCompilerABI.F.o -lgfortran -lm -lgcc_s -lgcc -lquadmath -lm -lgcc_s -lgcc -lc -lgcc_s -lgcc /usr/lib/gcc/x86_64-pc-linux-gnu/10.2.0/crtendS.o /usr/lib/gcc/x86_64-pc-linux-gnu/10.2.0/../../../../lib/crtn.o
COLLECT_GCC_OPTIONS='-v' '-o' 'cmTC_2e1a3' '-shared-libgcc' '-mtune=generic' '-march=x86-64'
make[1]: Leaving directory '/home/ghostbird/Hacking/黒澤玲/ping-pong-gpu/build/CMakeFiles/CMakeTmp'



Parsed Fortran implicit include dir info from above output: rv=done
  found start of include info
  found start of implicit include info
    add: [/usr/lib/gcc/x86_64-pc-linux-gnu/10.2.0/finclude]
    add: [/usr/lib/gcc/x86_64-pc-linux-gnu/10.2.0/include]
    add: [/usr/local/include]
    add: [/usr/lib/gcc/x86_64-pc-linux-gnu/10.2.0/include-fixed]
    add: [/usr/include]
  end of search list found
  collapse include dir [/usr/lib/gcc/x86_64-pc-linux-gnu/10.2.0/finclude] ==> [/usr/lib/gcc/x86_64-pc-linux-gnu/10.2.0/finclude]
  collapse include dir [/usr/lib/gcc/x86_64-pc-linux-gnu/10.2.0/include] ==> [/usr/lib/gcc/x86_64-pc-linux-gnu/10.2.0/include]
  collapse include dir [/usr/local/include] ==> [/usr/local/include]
  collapse include dir [/usr/lib/gcc/x86_64-pc-linux-gnu/10.2.0/include-fixed] ==> [/usr/lib/gcc/x86_64-pc-linux-gnu/10.2.0/include-fixed]
  collapse include dir [/usr/include] ==> [/usr/include]
  implicit include dirs: [/usr/lib/gcc/x86_64-pc-linux-gnu/10.2.0/finclude;/usr/lib/gcc/x86_64-pc-linux-gnu/10.2.0/include;/usr/local/include;/usr/lib/gcc/x86_64-pc-linux-gnu/10.2.0/include-fixed;/usr/include]


Parsed Fortran implicit link information from above output:
  link line regex: [^( *|.*[/\])(ld|CMAKE_LINK_STARTFILE-NOTFOUND|([^/\]+-)?ld|collect2)[^/\]*( |$)]
  ignore line: [Change Dir: /home/ghostbird/Hacking/黒澤玲/ping-pong-gpu/build/CMakeFiles/CMakeTmp]
  ignore line: []
  ignore line: [Run Build Command(s):/usr/bin/make -f Makefile cmTC_2e1a3/fast && /usr/bin/make  -f CMakeFiles/cmTC_2e1a3.dir/build.make CMakeFiles/cmTC_2e1a3.dir/build]
  ignore line: [make[1]: Entering directory '/home/ghostbird/Hacking/黒澤玲/ping-pong-gpu/build/CMakeFiles/CMakeTmp']
  ignore line: [Building Fortran object CMakeFiles/cmTC_2e1a3.dir/CMakeFortranCompilerABI.F.o]
  ignore line: [/usr/bin/gfortran   -v -c /usr/share/cmake-3.20/Modules/CMakeFortranCompilerABI.F -o CMakeFiles/cmTC_2e1a3.dir/CMakeFortranCompilerABI.F.o]
  ignore line: [Using built-in specs.]
  ignore line: [COLLECT_GCC=/usr/bin/gfortran]
  ignore line: [Target: x86_64-pc-linux-gnu]
  ignore line: [Configured with: /build/gcc/src/gcc/configure --prefix=/usr --libdir=/usr/lib --libexecdir=/usr/lib --mandir=/usr/share/man --infodir=/usr/share/info --with-bugurl=https://bugs.archlinux.org/ --enable-languages=c c++ ada fortran go lto objc obj-c++ d --with-isl --with-linker-hash-style=gnu --with-system-zlib --enable-__cxa_atexit --enable-cet=auto --enable-checking=release --enable-clocale=gnu --enable-default-pie --enable-default-ssp --enable-gnu-indirect-function --enable-gnu-unique-object --enable-install-libiberty --enable-linker-build-id --enable-lto --enable-multilib --enable-plugin --enable-shared --enable-threads=posix --disable-libssp --disable-libstdcxx-pch --disable-libunwind-exceptions --disable-werror gdc_include_dir=/usr/include/dlang/gdc]
  ignore line: [Thread model: posix]
  ignore line: [Supported LTO compression algorithms: zlib zstd]
  ignore line: [gcc version 10.2.0 (GCC) ]
  ignore line: [COLLECT_GCC_OPTIONS='-v' '-c' '-o' 'CMakeFiles/cmTC_2e1a3.dir/CMakeFortranCompilerABI.F.o' '-mtune=generic' '-march=x86-64']
  ignore line: [ /usr/lib/gcc/x86_64-pc-linux-gnu/10.2.0/f951 /usr/share/cmake-3.20/Modules/CMakeFortranCompilerABI.F -ffixed-form -cpp=/tmp/ccdDBUAY.f90 -quiet -v /usr/share/cmake-3.20/Modules/CMakeFortranCompilerABI.F -quiet -dumpbase CMakeFortranCompilerABI.F -mtune=generic -march=x86-64 -auxbase-strip CMakeFiles/cmTC_2e1a3.dir/CMakeFortranCompilerABI.F.o -version -fintrinsic-modules-path /usr/lib/gcc/x86_64-pc-linux-gnu/10.2.0/finclude -fpre-include=/usr/include/finclude/math-vector-fortran.h -o /tmp/ccBp0A2S.s]
  ignore line: [GNU Fortran (GCC) version 10.2.0 (x86_64-pc-linux-gnu)]
  ignore line: [	compiled by GNU C version 10.2.0  GMP version 6.2.1  MPFR version 4.1.0  MPC version 1.2.1  isl version isl-0.21-GMP]
  ignore line: []
  ignore line: [GGC heuristics: --param ggc-min-expand=100 --param ggc-min-heapsize=131072]
  ignore line: [ignoring nonexistent directory "/usr/lib/gcc/x86_64-pc-linux-gnu/10.2.0/../../../../x86_64-pc-linux-gnu/include"]
  ignore line: [#include "..." search starts here:]
  ignore line: [#include <...> search starts here:]
  ignore line: [ /usr/lib/gcc/x86_64-pc-linux-gnu/10.2.0/finclude]
  ignore line: [ /usr/lib/gcc/x86_64-pc-linux-gnu/10.2.0/include]
  ignore line: [ /usr/local/include]
  ignore line: [ /usr/lib/gcc/x86_64-pc-linux-gnu/10.2.0/include-fixed]
  ignore line: [ /usr/include]
  ignore line: [End of search list.]
  ignore line: [GNU Fortran2008 (GCC) version 10.2.0 (x86_64-pc-linux-gnu)]
  ignore line: [	compiled by GNU C version 10.2.0  GMP version 6.2.1  MPFR version 4.1.0  MPC version 1.2.1  isl version isl-0.21-GMP]
  ignore line: []
  ignore line: [GGC heuristics: --param ggc-min-expand=100 --param ggc-min-heapsize=131072]
  ignore line: [COLLECT_GCC_OPTIONS='-v' '-c' '-o' 'CMakeFiles/cmTC_2e1a3.dir/CMakeFortranCompilerABI.F.o' '-mtune=generic' '-march=x86-64']
  ignore line: [ as -v --64 -o CMakeFiles/cmTC_2e1a3.dir/CMakeFortranCompilerABI.F.o /tmp/ccBp0A2S.s]
  ignore line: [GNU assembler version 2.36.1 (x86_64-pc-linux-gnu) using BFD version (GNU Binutils) 2.36.1]
  ignore line: [COMPILER_PATH=/usr/lib/gcc/x86_64-pc-linux-gnu/10.2.0/:/usr/lib/gcc/x86_64-pc-linux-gnu/10.2.0/:/usr/lib/gcc/x86_64-pc-linux-gnu/:/usr/lib/gcc/x86_64-pc-linux-gnu/10.2.0/:/usr/lib/gcc/x86_64-pc-linux-gnu/]
  ignore line: [LIBRARY_PATH=/usr/lib/gcc/x86_64-pc-linux-gnu/10.2.0/:/usr/lib/gcc/x86_64-pc-linux-gnu/10.2.0/../../../../lib/:/lib/../lib/:/usr/lib/../lib/:/usr/lib/gcc/x86_64-pc-linux-gnu/10.2.0/../../../:/lib/:/usr/lib/]
  ignore line: [COLLECT_GCC_OPTIONS='-v' '-c' '-o' 'CMakeFiles/cmTC_2e1a3.dir/CMakeFortranCompilerABI.F.o' '-mtune=generic' '-march=x86-64']
  ignore line: [Linking Fortran executable cmTC_2e1a3]
  ignore line: [/usr/bin/cmake -E cmake_link_script CMakeFiles/cmTC_2e1a3.dir/link.txt --verbose=1]
  ignore line: [/usr/bin/gfortran  -v CMakeFiles/cmTC_2e1a3.dir/CMakeFortranCompilerABI.F.o -o cmTC_2e1a3 ]
  ignore line: [Driving: /usr/bin/gfortran -v CMakeFiles/cmTC_2e1a3.dir/CMakeFortranCompilerABI.F.o -o cmTC_2e1a3 -l gfortran -l m -shared-libgcc]
  ignore line: [Using built-in specs.]
  ignore line: [COLLECT_GCC=/usr/bin/gfortran]
  ignore line: [COLLECT_LTO_WRAPPER=/usr/lib/gcc/x86_64-pc-linux-gnu/10.2.0/lto-wrapper]
  ignore line: [Target: x86_64-pc-linux-gnu]
  ignore line: [Configured with: /build/gcc/src/gcc/configure --prefix=/usr --libdir=/usr/lib --libexecdir=/usr/lib --mandir=/usr/share/man --infodir=/usr/share/info --with-bugurl=https://bugs.archlinux.org/ --enable-languages=c c++ ada fortran go lto objc obj-c++ d --with-isl --with-linker-hash-style=gnu --with-system-zlib --enable-__cxa_atexit --enable-cet=auto --enable-checking=release --enable-clocale=gnu --enable-default-pie --enable-default-ssp --enable-gnu-indirect-function --enable-gnu-unique-object --enable-install-libiberty --enable-linker-build-id --enable-lto --enable-multilib --enable-plugin --enable-shared --enable-threads=posix --disable-libssp --disable-libstdcxx-pch --disable-libunwind-exceptions --disable-werror gdc_include_dir=/usr/include/dlang/gdc]
  ignore line: [Thread model: posix]
  ignore line: [Supported LTO compression algorithms: zlib zstd]
  ignore line: [gcc version 10.2.0 (GCC) ]
  ignore line: [Reading specs from /usr/lib/gcc/x86_64-pc-linux-gnu/10.2.0/../../../../lib/libgfortran.spec]
  ignore line: [rename spec lib to liborig]
  ignore line: [COLLECT_GCC_OPTIONS='-v' '-o' 'cmTC_2e1a3' '-shared-libgcc' '-mtune=generic' '-march=x86-64']
  ignore line: [COMPILER_PATH=/usr/lib/gcc/x86_64-pc-linux-gnu/10.2.0/:/usr/lib/gcc/x86_64-pc-linux-gnu/10.2.0/:/usr/lib/gcc/x86_64-pc-linux-gnu/:/usr/lib/gcc/x86_64-pc-linux-gnu/10.2.0/:/usr/lib/gcc/x86_64-pc-linux-gnu/]
  ignore line: [LIBRARY_PATH=/usr/lib/gcc/x86_64-pc-linux-gnu/10.2.0/:/usr/lib/gcc/x86_64-pc-linux-gnu/10.2.0/../../../../lib/:/lib/../lib/:/usr/lib/../lib/:/usr/lib/gcc/x86_64-pc-linux-gnu/10.2.0/../../../:/lib/:/usr/lib/]
  ignore line: [COLLECT_GCC_OPTIONS='-v' '-o' 'cmTC_2e1a3' '-shared-libgcc' '-mtune=generic' '-march=x86-64']
  link line: [ /usr/lib/gcc/x86_64-pc-linux-gnu/10.2.0/collect2 -plugin /usr/lib/gcc/x86_64-pc-linux-gnu/10.2.0/liblto_plugin.so -plugin-opt=/usr/lib/gcc/x86_64-pc-linux-gnu/10.2.0/lto-wrapper -plugin-opt=-fresolution=/tmp/ccqpg5Un.res -plugin-opt=-pass-through=-lgcc_s -plugin-opt=-pass-through=-lgcc -plugin-opt=-pass-through=-lquadmath -plugin-opt=-pass-through=-lm -plugin-opt=-pass-through=-lgcc_s -plugin-opt=-pass-through=-lgcc -plugin-opt=-pass-through=-lc -plugin-opt=-pass-through=-lgcc_s -plugin-opt=-pass-through=-lgcc --build-id --eh-frame-hdr --hash-style=gnu -m elf_x86_64 -dynamic-linker /lib64/ld-linux-x86-64.so.2 -pie -o cmTC_2e1a3 /usr/lib/gcc/x86_64-pc-linux-gnu/10.2.0/../../../../lib/Scrt1.o /usr/lib/gcc/x86_64-pc-linux-gnu/10.2.0/../../../../lib/crti.o /usr/lib/gcc/x86_64-pc-linux-gnu/10.2.0/crtbeginS.o -L/usr/lib/gcc/x86_64-pc-linux-gnu/10.2.0 -L/usr/lib/gcc/x86_64-pc-linux-gnu/10.2.0/../../../../lib -L/lib/../lib -L/usr/lib/../lib -L/usr/lib/gcc/x86_64-pc-linux-gnu/10.2.0/../../.. CMakeFiles/cmTC_2e1a3.dir/CMakeFortranCompilerABI.F.o -lgfortran -lm -lgcc_s -lgcc -lquadmath -lm -lgcc_s -lgcc -lc -lgcc_s -lgcc /usr/lib/gcc/x86_64-pc-linux-gnu/10.2.0/crtendS.o /usr/lib/gcc/x86_64-pc-linux-gnu/10.2.0/../../../../lib/crtn.o]
    arg [/usr/lib/gcc/x86_64-pc-linux-gnu/10.2.0/collect2] ==> ignore
    arg [-plugin] ==> ignore
    arg [/usr/lib/gcc/x86_64-pc-linux-gnu/10.2.0/liblto_plugin.so] ==> ignore
    arg [-plugin-opt=/usr/lib/gcc/x86_64-pc-linux-gnu/10.2.0/lto-wrapper] ==> ignore
    arg [-plugin-opt=-fresolution=/tmp/ccqpg5Un.res] ==> ignore
    arg [-plugin-opt=-pass-through=-lgcc_s] ==> ignore
    arg [-plugin-opt=-pass-through=-lgcc] ==> ignore
    arg [-plugin-opt=-pass-through=-lquadmath] ==> ignore
    arg [-plugin-opt=-pass-through=-lm] ==> ignore
    arg [-plugin-opt=-pass-through=-lgcc_s] ==> ignore
    arg [-plugin-opt=-pass-through=-lgcc] ==> ignore
    arg [-plugin-opt=-pass-through=-lc] ==> ignore
    arg [-plugin-opt=-pass-through=-lgcc_s] ==> ignore
    arg [-plugin-opt=-pass-through=-lgcc] ==> ignore
    arg [--build-id] ==> ignore
    arg [--eh-frame-hdr] ==> ignore
    arg [--hash-style=gnu] ==> ignore
    arg [-m] ==> ignore
    arg [elf_x86_64] ==> ignore
    arg [-dynamic-linker] ==> ignore
    arg [/lib64/ld-linux-x86-64.so.2] ==> ignore
    arg [-pie] ==> ignore
    arg [-o] ==> ignore
    arg [cmTC_2e1a3] ==> ignore
    arg [/usr/lib/gcc/x86_64-pc-linux-gnu/10.2.0/../../../../lib/Scrt1.o] ==> obj [/usr/lib/gcc/x86_64-pc-linux-gnu/10.2.0/../../../../lib/Scrt1.o]
    arg [/usr/lib/gcc/x86_64-pc-linux-gnu/10.2.0/../../../../lib/crti.o] ==> obj [/usr/lib/gcc/x86_64-pc-linux-gnu/10.2.0/../../../../lib/crti.o]
    arg [/usr/lib/gcc/x86_64-pc-linux-gnu/10.2.0/crtbeginS.o] ==> obj [/usr/lib/gcc/x86_64-pc-linux-gnu/10.2.0/crtbeginS.o]
    arg [-L/usr/lib/gcc/x86_64-pc-linux-gnu/10.2.0] ==> dir [/usr/lib/gcc/x86_64-pc-linux-gnu/10.2.0]
    arg [-L/usr/lib/gcc/x86_64-pc-linux-gnu/10.2.0/../../../../lib] ==> dir [/usr/lib/gcc/x86_64-pc-linux-gnu/10.2.0/../../../../lib]
    arg [-L/lib/../lib] ==> dir [/lib/../lib]
    arg [-L/usr/lib/../lib] ==> dir [/usr/lib/../lib]
    arg [-L/usr/lib/gcc/x86_64-pc-linux-gnu/10.2.0/../../..] ==> dir [/usr/lib/gcc/x86_64-pc-linux-gnu/10.2.0/../../..]
    arg [CMakeFiles/cmTC_2e1a3.dir/CMakeFortranCompilerABI.F.o] ==> ignore
    arg [-lgfortran] ==> lib [gfortran]
    arg [-lm] ==> lib [m]
    arg [-lgcc_s] ==> lib [gcc_s]
    arg [-lgcc] ==> lib [gcc]
    arg [-lquadmath] ==> lib [quadmath]
    arg [-lm] ==> lib [m]
    arg [-lgcc_s] ==> lib [gcc_s]
    arg [-lgcc] ==> lib [gcc]
    arg [-lc] ==> lib [c]
    arg [-lgcc_s] ==> lib [gcc_s]
    arg [-lgcc] ==> lib [gcc]
    arg [/usr/lib/gcc/x86_64-pc-linux-gnu/10.2.0/crtendS.o] ==> obj [/usr/lib/gcc/x86_64-pc-linux-gnu/10.2.0/crtendS.o]
    arg [/usr/lib/gcc/x86_64-pc-linux-gnu/10.2.0/../../../../lib/crtn.o] ==> obj [/usr/lib/gcc/x86_64-pc-linux-gnu/10.2.0/../../../../lib/crtn.o]
  collapse obj [/usr/lib/gcc/x86_64-pc-linux-gnu/10.2.0/../../../../lib/Scrt1.o] ==> [/usr/lib/Scrt1.o]
  collapse obj [/usr/lib/gcc/x86_64-pc-linux-gnu/10.2.0/../../../../lib/crti.o] ==> [/usr/lib/crti.o]
  collapse obj [/usr/lib/gcc/x86_64-pc-linux-gnu/10.2.0/../../../../lib/crtn.o] ==> [/usr/lib/crtn.o]
  collapse library dir [/usr/lib/gcc/x86_64-pc-linux-gnu/10.2.0] ==> [/usr/lib/gcc/x86_64-pc-linux-gnu/10.2.0]
  collapse library dir [/usr/lib/gcc/x86_64-pc-linux-gnu/10.2.0/../../../../lib] ==> [/usr/lib]
  collapse library dir [/lib/../lib] ==> [/lib]
  collapse library dir [/usr/lib/../lib] ==> [/usr/lib]
  collapse library dir [/usr/lib/gcc/x86_64-pc-linux-gnu/10.2.0/../../..] ==> [/usr/lib]
  implicit libs: [gfortran;m;gcc_s;gcc;quadmath;m;gcc_s;gcc;c;gcc_s;gcc]
  implicit objs: [/usr/lib/Scrt1.o;/usr/lib/crti.o;/usr/lib/gcc/x86_64-pc-linux-gnu/10.2.0/crtbeginS.o;/usr/lib/gcc/x86_64-pc-linux-gnu/10.2.0/crtendS.o;/usr/lib/crtn.o]
  implicit dirs: [/usr/lib/gcc/x86_64-pc-linux-gnu/10.2.0;/usr/lib;/lib]
  implicit fwks: []


Determining if the Fortran compiler supports Fortran 90 passed with the following output:
Change Dir: /home/ghostbird/Hacking/黒澤玲/ping-pong-gpu/build/CMakeFiles/CMakeTmp

Run Build Command(s):/usr/bin/make -f Makefile cmTC_925f2/fast && /usr/bin/make  -f CMakeFiles/cmTC_925f2.dir/build.make CMakeFiles/cmTC_925f2.dir/build
make[1]: Entering directory '/home/ghostbird/Hacking/黒澤玲/ping-pong-gpu/build/CMakeFiles/CMakeTmp'
Building Fortran object CMakeFiles/cmTC_925f2.dir/testFortranCompilerF90.f90.o
/usr/bin/gfortran    -c /home/ghostbird/Hacking/黒澤玲/ping-pong-gpu/build/CMakeFiles/CMakeTmp/testFortranCompilerF90.f90 -o CMakeFiles/cmTC_925f2.dir/testFortranCompilerF90.f90.o
Linking Fortran executable cmTC_925f2
/usr/bin/cmake -E cmake_link_script CMakeFiles/cmTC_925f2.dir/link.txt --verbose=1
/usr/bin/gfortran CMakeFiles/cmTC_925f2.dir/testFortranCompilerF90.f90.o -o cmTC_925f2 
make[1]: Leaving directory '/home/ghostbird/Hacking/黒澤玲/ping-pong-gpu/build/CMakeFiles/CMakeTmp'



